mode: set
github.com/kube-tarian/kad/integrator/deployment-worker/pkg/model/payload.go:19.47,21.2 1 0
github.com/kube-tarian/kad/integrator/deployment-worker/pkg/plugins/argocd/create_app.go:13.67,16.16 3 0
github.com/kube-tarian/kad/integrator/deployment-worker/pkg/plugins/argocd/create_app.go:21.2,22.16 2 0
github.com/kube-tarian/kad/integrator/deployment-worker/pkg/plugins/argocd/create_app.go:26.2,52.16 4 0
github.com/kube-tarian/kad/integrator/deployment-worker/pkg/plugins/argocd/create_app.go:56.2,57.16 2 0
github.com/kube-tarian/kad/integrator/deployment-worker/pkg/plugins/argocd/create_app.go:62.2,63.16 2 0
github.com/kube-tarian/kad/integrator/deployment-worker/pkg/plugins/argocd/create_app.go:66.2,69.16 3 0
github.com/kube-tarian/kad/integrator/deployment-worker/pkg/plugins/argocd/create_app.go:72.2,74.38 2 0
github.com/kube-tarian/kad/integrator/deployment-worker/pkg/plugins/argocd/create_app.go:77.2,77.12 1 0
github.com/kube-tarian/kad/integrator/deployment-worker/pkg/plugins/argocd/create_app.go:16.16,19.3 2 0
github.com/kube-tarian/kad/integrator/deployment-worker/pkg/plugins/argocd/create_app.go:22.16,24.3 1 0
github.com/kube-tarian/kad/integrator/deployment-worker/pkg/plugins/argocd/create_app.go:52.16,55.3 2 0
github.com/kube-tarian/kad/integrator/deployment-worker/pkg/plugins/argocd/create_app.go:57.16,60.3 2 0
github.com/kube-tarian/kad/integrator/deployment-worker/pkg/plugins/argocd/create_app.go:63.16,65.3 1 0
github.com/kube-tarian/kad/integrator/deployment-worker/pkg/plugins/argocd/create_app.go:69.16,71.3 1 0
github.com/kube-tarian/kad/integrator/deployment-worker/pkg/plugins/argocd/create_app.go:74.38,76.3 1 0
github.com/kube-tarian/kad/integrator/deployment-worker/pkg/plugins/argocd/delete_app.go:11.67,14.16 3 0
github.com/kube-tarian/kad/integrator/deployment-worker/pkg/plugins/argocd/delete_app.go:19.2,20.16 2 0
github.com/kube-tarian/kad/integrator/deployment-worker/pkg/plugins/argocd/delete_app.go:24.2,25.16 2 0
github.com/kube-tarian/kad/integrator/deployment-worker/pkg/plugins/argocd/delete_app.go:28.2,31.16 3 0
github.com/kube-tarian/kad/integrator/deployment-worker/pkg/plugins/argocd/delete_app.go:34.2,36.38 2 0
github.com/kube-tarian/kad/integrator/deployment-worker/pkg/plugins/argocd/delete_app.go:39.2,39.12 1 0
github.com/kube-tarian/kad/integrator/deployment-worker/pkg/plugins/argocd/delete_app.go:14.16,17.3 2 0
github.com/kube-tarian/kad/integrator/deployment-worker/pkg/plugins/argocd/delete_app.go:20.16,22.3 1 0
github.com/kube-tarian/kad/integrator/deployment-worker/pkg/plugins/argocd/delete_app.go:25.16,27.3 1 0
github.com/kube-tarian/kad/integrator/deployment-worker/pkg/plugins/argocd/delete_app.go:31.16,33.3 1 0
github.com/kube-tarian/kad/integrator/deployment-worker/pkg/plugins/argocd/delete_app.go:36.38,38.3 1 0
github.com/kube-tarian/kad/integrator/deployment-worker/pkg/plugins/argocd/token.go:18.51,22.16 4 0
github.com/kube-tarian/kad/integrator/deployment-worker/pkg/plugins/argocd/token.go:26.2,27.16 2 0
github.com/kube-tarian/kad/integrator/deployment-worker/pkg/plugins/argocd/token.go:32.2,33.16 2 0
github.com/kube-tarian/kad/integrator/deployment-worker/pkg/plugins/argocd/token.go:37.2,38.16 2 0
github.com/kube-tarian/kad/integrator/deployment-worker/pkg/plugins/argocd/token.go:41.2,43.38 2 0
github.com/kube-tarian/kad/integrator/deployment-worker/pkg/plugins/argocd/token.go:46.2,47.16 2 0
github.com/kube-tarian/kad/integrator/deployment-worker/pkg/plugins/argocd/token.go:51.2,53.16 3 0
github.com/kube-tarian/kad/integrator/deployment-worker/pkg/plugins/argocd/token.go:57.2,57.25 1 0
github.com/kube-tarian/kad/integrator/deployment-worker/pkg/plugins/argocd/token.go:22.16,25.3 2 0
github.com/kube-tarian/kad/integrator/deployment-worker/pkg/plugins/argocd/token.go:27.16,30.3 2 0
github.com/kube-tarian/kad/integrator/deployment-worker/pkg/plugins/argocd/token.go:33.16,35.3 1 0
github.com/kube-tarian/kad/integrator/deployment-worker/pkg/plugins/argocd/token.go:38.16,40.3 1 0
github.com/kube-tarian/kad/integrator/deployment-worker/pkg/plugins/argocd/token.go:43.38,45.3 1 0
github.com/kube-tarian/kad/integrator/deployment-worker/pkg/plugins/argocd/token.go:47.16,49.3 1 0
github.com/kube-tarian/kad/integrator/deployment-worker/pkg/plugins/argocd/token.go:53.16,55.3 1 0
github.com/kube-tarian/kad/integrator/deployment-worker/pkg/plugins/helmplugin/delete.go:11.65,16.16 4 0
github.com/kube-tarian/kad/integrator/deployment-worker/pkg/plugins/helmplugin/delete.go:21.2,31.16 3 0
github.com/kube-tarian/kad/integrator/deployment-worker/pkg/plugins/helmplugin/delete.go:36.2,37.16 2 0
github.com/kube-tarian/kad/integrator/deployment-worker/pkg/plugins/helmplugin/delete.go:43.2,53.16 3 0
github.com/kube-tarian/kad/integrator/deployment-worker/pkg/plugins/helmplugin/delete.go:58.2,60.12 3 0
github.com/kube-tarian/kad/integrator/deployment-worker/pkg/plugins/helmplugin/delete.go:16.16,19.3 2 0
github.com/kube-tarian/kad/integrator/deployment-worker/pkg/plugins/helmplugin/delete.go:31.16,34.3 2 0
github.com/kube-tarian/kad/integrator/deployment-worker/pkg/plugins/helmplugin/delete.go:37.16,40.3 2 0
github.com/kube-tarian/kad/integrator/deployment-worker/pkg/plugins/helmplugin/delete.go:53.16,56.3 2 0
github.com/kube-tarian/kad/integrator/deployment-worker/pkg/plugins/plugins.go:13.86,14.33 1 0
github.com/kube-tarian/kad/integrator/deployment-worker/pkg/plugins/plugins.go:15.14,16.38 1 0
github.com/kube-tarian/kad/integrator/deployment-worker/pkg/plugins/plugins.go:17.16,18.34 1 0
github.com/kube-tarian/kad/integrator/deployment-worker/pkg/plugins/plugins.go:19.10,20.56 1 0
github.com/kube-tarian/kad/integrator/deployment-worker/pkg/plugins/argocd/client.go:20.62,22.16 2 0
github.com/kube-tarian/kad/integrator/deployment-worker/pkg/plugins/argocd/client.go:26.2,29.22 2 0
github.com/kube-tarian/kad/integrator/deployment-worker/pkg/plugins/argocd/client.go:33.2,37.8 1 0
github.com/kube-tarian/kad/integrator/deployment-worker/pkg/plugins/argocd/client.go:22.16,24.3 1 0
github.com/kube-tarian/kad/integrator/deployment-worker/pkg/plugins/argocd/client.go:29.22,32.3 1 0
github.com/kube-tarian/kad/integrator/deployment-worker/pkg/plugins/argocd/client.go:40.84,43.24 2 0
github.com/kube-tarian/kad/integrator/deployment-worker/pkg/plugins/argocd/client.go:51.2,51.16 1 0
github.com/kube-tarian/kad/integrator/deployment-worker/pkg/plugins/argocd/client.go:56.2,56.17 1 0
github.com/kube-tarian/kad/integrator/deployment-worker/pkg/plugins/argocd/client.go:44.17,45.26 1 0
github.com/kube-tarian/kad/integrator/deployment-worker/pkg/plugins/argocd/client.go:46.16,47.26 1 0
github.com/kube-tarian/kad/integrator/deployment-worker/pkg/plugins/argocd/client.go:48.10,49.79 1 0
github.com/kube-tarian/kad/integrator/deployment-worker/pkg/plugins/argocd/client.go:51.16,54.3 2 0
github.com/kube-tarian/kad/integrator/deployment-worker/pkg/plugins/argocd/client.go:59.51,63.2 3 0
github.com/kube-tarian/kad/integrator/deployment-worker/pkg/plugins/argocd/list_apps.go:15.56,17.16 2 0
github.com/kube-tarian/kad/integrator/deployment-worker/pkg/plugins/argocd/list_apps.go:21.2,22.16 2 0
github.com/kube-tarian/kad/integrator/deployment-worker/pkg/plugins/argocd/list_apps.go:25.2,29.16 4 0
github.com/kube-tarian/kad/integrator/deployment-worker/pkg/plugins/argocd/list_apps.go:32.2,34.38 2 0
github.com/kube-tarian/kad/integrator/deployment-worker/pkg/plugins/argocd/list_apps.go:37.2,38.16 2 0
github.com/kube-tarian/kad/integrator/deployment-worker/pkg/plugins/argocd/list_apps.go:41.2,41.17 1 0
github.com/kube-tarian/kad/integrator/deployment-worker/pkg/plugins/argocd/list_apps.go:17.16,19.3 1 0
github.com/kube-tarian/kad/integrator/deployment-worker/pkg/plugins/argocd/list_apps.go:22.16,24.3 1 0
github.com/kube-tarian/kad/integrator/deployment-worker/pkg/plugins/argocd/list_apps.go:29.16,31.3 1 0
github.com/kube-tarian/kad/integrator/deployment-worker/pkg/plugins/argocd/list_apps.go:34.38,36.3 1 0
github.com/kube-tarian/kad/integrator/deployment-worker/pkg/plugins/argocd/list_apps.go:38.16,40.3 1 0
github.com/kube-tarian/kad/integrator/deployment-worker/pkg/plugins/helmplugin/client.go:15.60,17.2 1 0
github.com/kube-tarian/kad/integrator/deployment-worker/pkg/plugins/helmplugin/client.go:19.82,22.24 2 0
github.com/kube-tarian/kad/integrator/deployment-worker/pkg/plugins/helmplugin/client.go:32.2,32.16 1 0
github.com/kube-tarian/kad/integrator/deployment-worker/pkg/plugins/helmplugin/client.go:37.2,37.17 1 0
github.com/kube-tarian/kad/integrator/deployment-worker/pkg/plugins/helmplugin/client.go:23.17,24.27 1 0
github.com/kube-tarian/kad/integrator/deployment-worker/pkg/plugins/helmplugin/client.go:25.16,26.26 1 0
github.com/kube-tarian/kad/integrator/deployment-worker/pkg/plugins/helmplugin/client.go:27.14,28.17 1 0
github.com/kube-tarian/kad/integrator/deployment-worker/pkg/plugins/helmplugin/client.go:29.10,30.77 1 0
github.com/kube-tarian/kad/integrator/deployment-worker/pkg/plugins/helmplugin/client.go:32.16,35.3 2 0
github.com/kube-tarian/kad/integrator/deployment-worker/pkg/plugins/helmplugin/install.go:14.66,19.16 4 0
github.com/kube-tarian/kad/integrator/deployment-worker/pkg/plugins/helmplugin/install.go:24.2,34.16 3 0
github.com/kube-tarian/kad/integrator/deployment-worker/pkg/plugins/helmplugin/install.go:39.2,40.16 2 0
github.com/kube-tarian/kad/integrator/deployment-worker/pkg/plugins/helmplugin/install.go:46.2,61.16 3 0
github.com/kube-tarian/kad/integrator/deployment-worker/pkg/plugins/helmplugin/install.go:66.2,68.12 3 0
github.com/kube-tarian/kad/integrator/deployment-worker/pkg/plugins/helmplugin/install.go:19.16,22.3 2 0
github.com/kube-tarian/kad/integrator/deployment-worker/pkg/plugins/helmplugin/install.go:34.16,37.3 2 0
github.com/kube-tarian/kad/integrator/deployment-worker/pkg/plugins/helmplugin/install.go:40.16,43.3 2 0
github.com/kube-tarian/kad/integrator/deployment-worker/pkg/plugins/helmplugin/install.go:61.16,64.3 2 0
github.com/kube-tarian/kad/integrator/deployment-worker/pkg/plugins/helmplugin/install.go:71.86,79.63 2 0
github.com/kube-tarian/kad/integrator/deployment-worker/pkg/plugins/helmplugin/install.go:83.2,83.12 1 0
github.com/kube-tarian/kad/integrator/deployment-worker/pkg/plugins/helmplugin/install.go:79.63,82.3 2 0
github.com/kube-tarian/kad/integrator/pkg/worker-framework/event_processor.go:39.104,41.16 2 0
github.com/kube-tarian/kad/integrator/pkg/worker-framework/event_processor.go:45.2,52.16 3 0
github.com/kube-tarian/kad/integrator/pkg/worker-framework/event_processor.go:56.2,56.20 1 0
github.com/kube-tarian/kad/integrator/pkg/worker-framework/event_processor.go:41.16,43.3 1 0
github.com/kube-tarian/kad/integrator/pkg/worker-framework/event_processor.go:52.16,54.3 1 0
github.com/kube-tarian/kad/integrator/pkg/worker-framework/event_processor.go:59.97,65.16 2 0
github.com/kube-tarian/kad/integrator/pkg/worker-framework/event_processor.go:73.2,74.16 2 0
github.com/kube-tarian/kad/integrator/pkg/worker-framework/event_processor.go:78.2,83.78 3 0
github.com/kube-tarian/kad/integrator/pkg/worker-framework/event_processor.go:86.2,87.25 2 0
github.com/kube-tarian/kad/integrator/pkg/worker-framework/event_processor.go:95.2,101.12 5 0
github.com/kube-tarian/kad/integrator/pkg/worker-framework/event_processor.go:65.16,67.3 1 0
github.com/kube-tarian/kad/integrator/pkg/worker-framework/event_processor.go:74.16,76.3 1 0
github.com/kube-tarian/kad/integrator/pkg/worker-framework/event_processor.go:83.78,85.3 1 0
github.com/kube-tarian/kad/integrator/pkg/worker-framework/event_processor.go:87.25,89.17 2 0
github.com/kube-tarian/kad/integrator/pkg/worker-framework/event_processor.go:93.3,93.8 1 0
github.com/kube-tarian/kad/integrator/pkg/worker-framework/event_processor.go:89.17,91.12 2 0
github.com/kube-tarian/kad/integrator/pkg/worker-framework/event_processor.go:104.30,106.16 2 0
github.com/kube-tarian/kad/integrator/pkg/worker-framework/event_processor.go:109.2,109.12 1 0
github.com/kube-tarian/kad/integrator/pkg/worker-framework/event_processor.go:106.16,108.3 1 0
github.com/kube-tarian/kad/integrator/pkg/worker-framework/event_processor.go:112.26,115.2 2 0
github.com/kube-tarian/kad/integrator/pkg/worker-framework/event_processor.go:117.51,121.2 3 0
github.com/kube-tarian/kad/integrator/deployment-worker/pkg/activities/activity.go:16.119,23.16 4 0
github.com/kube-tarian/kad/integrator/deployment-worker/pkg/activities/activity.go:29.2,30.16 2 0
github.com/kube-tarian/kad/integrator/deployment-worker/pkg/activities/activity.go:37.2,40.8 1 0
github.com/kube-tarian/kad/integrator/deployment-worker/pkg/activities/activity.go:23.16,28.3 1 0
github.com/kube-tarian/kad/integrator/deployment-worker/pkg/activities/activity.go:30.16,35.3 1 0
github.com/kube-tarian/kad/integrator/deployment-worker/pkg/plugins/helmplugin/list.go:7.35,20.16 4 0
github.com/kube-tarian/kad/integrator/deployment-worker/pkg/plugins/helmplugin/list.go:26.2,27.16 2 0
github.com/kube-tarian/kad/integrator/deployment-worker/pkg/plugins/helmplugin/list.go:32.2,32.30 1 0
github.com/kube-tarian/kad/integrator/deployment-worker/pkg/plugins/helmplugin/list.go:43.2,44.12 2 0
github.com/kube-tarian/kad/integrator/deployment-worker/pkg/plugins/helmplugin/list.go:20.16,23.3 2 0
github.com/kube-tarian/kad/integrator/deployment-worker/pkg/plugins/helmplugin/list.go:27.16,30.3 2 0
github.com/kube-tarian/kad/integrator/deployment-worker/pkg/plugins/helmplugin/list.go:32.30,42.3 1 0
github.com/kube-tarian/kad/integrator/deployment-worker/api/deployment_worker.gen.go:40.87,43.91 2 0
github.com/kube-tarian/kad/integrator/deployment-worker/api/deployment_worker.gen.go:47.2,47.52 1 0
github.com/kube-tarian/kad/integrator/deployment-worker/api/deployment_worker.gen.go:51.2,51.42 1 0
github.com/kube-tarian/kad/integrator/deployment-worker/api/deployment_worker.gen.go:43.91,45.3 1 0
github.com/kube-tarian/kad/integrator/deployment-worker/api/deployment_worker.gen.go:47.52,49.3 1 0
github.com/kube-tarian/kad/integrator/deployment-worker/api/deployment_worker.gen.go:55.86,58.91 2 0
github.com/kube-tarian/kad/integrator/deployment-worker/api/deployment_worker.gen.go:62.2,62.52 1 0
github.com/kube-tarian/kad/integrator/deployment-worker/api/deployment_worker.gen.go:66.2,66.42 1 0
github.com/kube-tarian/kad/integrator/deployment-worker/api/deployment_worker.gen.go:58.91,60.3 1 0
github.com/kube-tarian/kad/integrator/deployment-worker/api/deployment_worker.gen.go:62.52,64.3 1 0
github.com/kube-tarian/kad/integrator/deployment-worker/api/deployment_worker.gen.go:74.52,76.2 1 0
github.com/kube-tarian/kad/integrator/deployment-worker/api/deployment_worker.gen.go:78.52,80.2 1 0
github.com/kube-tarian/kad/integrator/deployment-worker/api/deployment_worker.gen.go:87.50,89.2 1 0
github.com/kube-tarian/kad/integrator/deployment-worker/api/deployment_worker.gen.go:91.50,93.2 1 0
github.com/kube-tarian/kad/integrator/deployment-worker/api/deployment_worker.gen.go:99.45,101.2 1 0
github.com/kube-tarian/kad/integrator/deployment-worker/api/deployment_worker.gen.go:108.46,110.2 1 0
github.com/kube-tarian/kad/integrator/deployment-worker/api/deployment_worker.gen.go:112.46,114.2 1 0
github.com/kube-tarian/kad/integrator/deployment-worker/api/deployment_worker.gen.go:121.50,123.2 1 0
github.com/kube-tarian/kad/integrator/deployment-worker/api/deployment_worker.gen.go:125.50,127.2 1 0
github.com/kube-tarian/kad/integrator/deployment-worker/api/deployment_worker.gen.go:134.53,136.2 1 0
github.com/kube-tarian/kad/integrator/deployment-worker/api/deployment_worker.gen.go:139.47,141.2 1 0
github.com/kube-tarian/kad/integrator/deployment-worker/api/deployment_worker.gen.go:151.68,155.2 1 0
github.com/kube-tarian/kad/integrator/deployment-worker/api/deployment_worker.gen.go:157.95,162.2 1 0
github.com/kube-tarian/kad/integrator/deployment-worker/api/deployment_worker.gen.go:165.84,168.14 2 0
github.com/kube-tarian/kad/integrator/deployment-worker/api/deployment_worker.gen.go:171.2,171.37 1 0
github.com/kube-tarian/kad/integrator/deployment-worker/api/deployment_worker.gen.go:176.2,182.29 2 0
github.com/kube-tarian/kad/integrator/deployment-worker/api/deployment_worker.gen.go:185.2,185.29 1 0
github.com/kube-tarian/kad/integrator/deployment-worker/api/deployment_worker.gen.go:189.2,189.10 1 0
github.com/kube-tarian/kad/integrator/deployment-worker/api/deployment_worker.gen.go:168.14,170.3 1 0
github.com/kube-tarian/kad/integrator/deployment-worker/api/deployment_worker.gen.go:171.37,172.86 1 0
github.com/kube-tarian/kad/integrator/deployment-worker/api/deployment_worker.gen.go:172.86,174.4 1 0
github.com/kube-tarian/kad/integrator/deployment-worker/api/deployment_worker.gen.go:182.29,184.3 1 0
github.com/kube-tarian/kad/integrator/deployment-worker/api/deployment_worker.gen.go:185.29,187.3 1 0
github.com/kube-tarian/kad/integrator/deployment-worker/api/deployment_worker.gen.go:205.35,207.16 2 1
github.com/kube-tarian/kad/integrator/deployment-worker/api/deployment_worker.gen.go:210.2,211.16 2 1
github.com/kube-tarian/kad/integrator/deployment-worker/api/deployment_worker.gen.go:214.2,216.16 3 1
github.com/kube-tarian/kad/integrator/deployment-worker/api/deployment_worker.gen.go:220.2,220.25 1 1
github.com/kube-tarian/kad/integrator/deployment-worker/api/deployment_worker.gen.go:207.16,209.3 1 0
github.com/kube-tarian/kad/integrator/deployment-worker/api/deployment_worker.gen.go:211.16,213.3 1 0
github.com/kube-tarian/kad/integrator/deployment-worker/api/deployment_worker.gen.go:216.16,218.3 1 0
github.com/kube-tarian/kad/integrator/deployment-worker/api/deployment_worker.gen.go:226.48,228.32 2 1
github.com/kube-tarian/kad/integrator/deployment-worker/api/deployment_worker.gen.go:228.32,230.3 1 0
github.com/kube-tarian/kad/integrator/deployment-worker/api/deployment_worker.gen.go:234.73,236.25 2 0
github.com/kube-tarian/kad/integrator/deployment-worker/api/deployment_worker.gen.go:240.2,240.12 1 0
github.com/kube-tarian/kad/integrator/deployment-worker/api/deployment_worker.gen.go:236.25,238.3 1 0
github.com/kube-tarian/kad/integrator/deployment-worker/api/deployment_worker.gen.go:248.52,253.87 4 0
github.com/kube-tarian/kad/integrator/deployment-worker/api/deployment_worker.gen.go:263.2,265.16 3 0
github.com/kube-tarian/kad/integrator/deployment-worker/api/deployment_worker.gen.go:268.2,269.16 2 0
github.com/kube-tarian/kad/integrator/deployment-worker/api/deployment_worker.gen.go:272.2,272.8 1 0
github.com/kube-tarian/kad/integrator/deployment-worker/api/deployment_worker.gen.go:253.87,257.10 4 0
github.com/kube-tarian/kad/integrator/deployment-worker/api/deployment_worker.gen.go:261.3,261.19 1 0
github.com/kube-tarian/kad/integrator/deployment-worker/api/deployment_worker.gen.go:257.10,260.4 2 0
github.com/kube-tarian/kad/integrator/deployment-worker/api/deployment_worker.gen.go:265.16,267.3 1 0
github.com/kube-tarian/kad/integrator/deployment-worker/api/deployment_worker.gen.go:269.16,271.3 1 0
github.com/kube-tarian/kad/integrator/deployment-worker/pkg/workflows/workflow.go:14.93,21.16 6 0
github.com/kube-tarian/kad/integrator/deployment-worker/pkg/workflows/workflow.go:26.2,36.16 7 0
github.com/kube-tarian/kad/integrator/deployment-worker/pkg/workflows/workflow.go:41.2,43.20 2 0
github.com/kube-tarian/kad/integrator/deployment-worker/pkg/workflows/workflow.go:21.16,24.3 2 0
github.com/kube-tarian/kad/integrator/deployment-worker/pkg/workflows/workflow.go:36.16,39.3 2 0
github.com/kube-tarian/kad/integrator/deployment-worker/pkg/handler/api_handler.go:21.73,25.2 1 0
github.com/kube-tarian/kad/integrator/deployment-worker/pkg/handler/api_handler.go:27.49,28.36 1 0
github.com/kube-tarian/kad/integrator/deployment-worker/pkg/handler/api_handler.go:28.36,30.3 1 0
github.com/kube-tarian/kad/integrator/deployment-worker/pkg/handler/api_handler.go:33.74,35.16 2 0
github.com/kube-tarian/kad/integrator/deployment-worker/pkg/handler/api_handler.go:38.2,39.40 2 0
github.com/kube-tarian/kad/integrator/deployment-worker/pkg/handler/api_handler.go:35.16,37.3 1 0
github.com/kube-tarian/kad/integrator/deployment-worker/pkg/handler/api_handler.go:42.73,45.2 2 0
github.com/kube-tarian/kad/integrator/deployment-worker/pkg/application/application.go:35.46,37.51 2 0
github.com/kube-tarian/kad/integrator/deployment-worker/pkg/application/application.go:42.2,43.16 2 0
github.com/kube-tarian/kad/integrator/deployment-worker/pkg/application/application.go:47.2,48.16 2 0
github.com/kube-tarian/kad/integrator/deployment-worker/pkg/application/application.go:52.2,66.3 4 0
github.com/kube-tarian/kad/integrator/deployment-worker/pkg/application/application.go:37.51,39.3 1 0
github.com/kube-tarian/kad/integrator/deployment-worker/pkg/application/application.go:43.16,45.3 1 0
github.com/kube-tarian/kad/integrator/deployment-worker/pkg/application/application.go:48.16,50.3 1 0
github.com/kube-tarian/kad/integrator/deployment-worker/pkg/application/application.go:69.33,71.12 2 0
github.com/kube-tarian/kad/integrator/deployment-worker/pkg/application/application.go:79.2,81.95 3 0
github.com/kube-tarian/kad/integrator/deployment-worker/pkg/application/application.go:84.2,84.36 1 0
github.com/kube-tarian/kad/integrator/deployment-worker/pkg/application/application.go:71.12,73.17 2 0
github.com/kube-tarian/kad/integrator/deployment-worker/pkg/application/application.go:73.17,76.4 2 0
github.com/kube-tarian/kad/integrator/deployment-worker/pkg/application/application.go:81.95,83.3 1 0
github.com/kube-tarian/kad/integrator/deployment-worker/pkg/application/application.go:87.33,91.70 3 0
github.com/kube-tarian/kad/integrator/deployment-worker/pkg/application/application.go:91.70,93.3 1 0
github.com/kube-tarian/kad/integrator/deployment-worker/main.go:12.13,24.2 9 0
github.com/kube-tarian/kad/integrator/pkg/logging/logging.go:30.61,37.2 2 0
github.com/kube-tarian/kad/integrator/pkg/logging/logging.go:39.62,46.2 2 0
github.com/kube-tarian/kad/integrator/pkg/logging/logging.go:48.62,55.2 2 0
github.com/kube-tarian/kad/integrator/pkg/logging/logging.go:57.62,64.2 2 0
github.com/kube-tarian/kad/integrator/pkg/logging/logging.go:66.60,73.2 2 0
github.com/kube-tarian/kad/integrator/pkg/logging/logging.go:75.60,82.2 2 0
github.com/kube-tarian/kad/integrator/pkg/logging/logging.go:84.61,91.2 2 0
github.com/kube-tarian/kad/integrator/pkg/logging/logging.go:93.61,100.2 2 0
github.com/kube-tarian/kad/integrator/pkg/logging/logging.go:102.61,109.2 2 0
github.com/kube-tarian/kad/integrator/pkg/logging/logging.go:111.97,122.2 2 0
github.com/kube-tarian/kad/integrator/pkg/logging/logging.go:124.41,127.2 2 0
github.com/kube-tarian/kad/integrator/pkg/logging/logging.go:129.25,136.2 3 0
github.com/kube-tarian/kad/integrator/pkg/logging/logging.go:30.61,37.2 2 0
github.com/kube-tarian/kad/integrator/pkg/logging/logging.go:39.62,46.2 2 0
github.com/kube-tarian/kad/integrator/pkg/logging/logging.go:48.62,55.2 2 0
github.com/kube-tarian/kad/integrator/pkg/logging/logging.go:57.62,64.2 2 0
github.com/kube-tarian/kad/integrator/pkg/logging/logging.go:66.60,73.2 2 0
github.com/kube-tarian/kad/integrator/pkg/logging/logging.go:75.60,82.2 2 0
github.com/kube-tarian/kad/integrator/pkg/logging/logging.go:84.61,91.2 2 0
github.com/kube-tarian/kad/integrator/pkg/logging/logging.go:93.61,100.2 2 0
github.com/kube-tarian/kad/integrator/pkg/logging/logging.go:102.61,109.2 2 0
github.com/kube-tarian/kad/integrator/pkg/logging/logging.go:111.97,122.2 2 0
github.com/kube-tarian/kad/integrator/pkg/logging/logging.go:124.41,127.2 2 0
github.com/kube-tarian/kad/integrator/pkg/logging/logging.go:129.25,136.2 3 0
github.com/kube-tarian/kad/integrator/pkg/worker-framework/event_processor.go:39.104,41.16 2 0
github.com/kube-tarian/kad/integrator/pkg/worker-framework/event_processor.go:45.2,52.16 3 0
github.com/kube-tarian/kad/integrator/pkg/worker-framework/event_processor.go:56.2,56.20 1 0
github.com/kube-tarian/kad/integrator/pkg/worker-framework/event_processor.go:41.16,43.3 1 0
github.com/kube-tarian/kad/integrator/pkg/worker-framework/event_processor.go:52.16,54.3 1 0
github.com/kube-tarian/kad/integrator/pkg/worker-framework/event_processor.go:59.97,65.16 2 0
github.com/kube-tarian/kad/integrator/pkg/worker-framework/event_processor.go:73.2,74.16 2 0
github.com/kube-tarian/kad/integrator/pkg/worker-framework/event_processor.go:78.2,83.78 3 0
github.com/kube-tarian/kad/integrator/pkg/worker-framework/event_processor.go:86.2,87.25 2 0
github.com/kube-tarian/kad/integrator/pkg/worker-framework/event_processor.go:95.2,101.12 5 0
github.com/kube-tarian/kad/integrator/pkg/worker-framework/event_processor.go:65.16,67.3 1 0
github.com/kube-tarian/kad/integrator/pkg/worker-framework/event_processor.go:74.16,76.3 1 0
github.com/kube-tarian/kad/integrator/pkg/worker-framework/event_processor.go:83.78,85.3 1 0
github.com/kube-tarian/kad/integrator/pkg/worker-framework/event_processor.go:87.25,89.17 2 0
github.com/kube-tarian/kad/integrator/pkg/worker-framework/event_processor.go:93.3,93.8 1 0
github.com/kube-tarian/kad/integrator/pkg/worker-framework/event_processor.go:89.17,91.12 2 0
github.com/kube-tarian/kad/integrator/pkg/worker-framework/event_processor.go:104.30,106.16 2 0
github.com/kube-tarian/kad/integrator/pkg/worker-framework/event_processor.go:109.2,109.12 1 0
github.com/kube-tarian/kad/integrator/pkg/worker-framework/event_processor.go:106.16,108.3 1 0
github.com/kube-tarian/kad/integrator/pkg/worker-framework/event_processor.go:112.26,115.2 2 0
github.com/kube-tarian/kad/integrator/pkg/worker-framework/event_processor.go:117.51,121.2 3 0
github.com/kube-tarian/kad/integrator/deployment-worker/pkg/application/application.go:35.46,37.51 2 0
github.com/kube-tarian/kad/integrator/deployment-worker/pkg/application/application.go:42.2,43.16 2 0
github.com/kube-tarian/kad/integrator/deployment-worker/pkg/application/application.go:47.2,48.16 2 0
github.com/kube-tarian/kad/integrator/deployment-worker/pkg/application/application.go:52.2,66.3 4 0
github.com/kube-tarian/kad/integrator/deployment-worker/pkg/application/application.go:37.51,39.3 1 0
github.com/kube-tarian/kad/integrator/deployment-worker/pkg/application/application.go:43.16,45.3 1 0
github.com/kube-tarian/kad/integrator/deployment-worker/pkg/application/application.go:48.16,50.3 1 0
github.com/kube-tarian/kad/integrator/deployment-worker/pkg/application/application.go:69.33,71.12 2 0
github.com/kube-tarian/kad/integrator/deployment-worker/pkg/application/application.go:79.2,81.95 3 0
github.com/kube-tarian/kad/integrator/deployment-worker/pkg/application/application.go:84.2,84.36 1 0
github.com/kube-tarian/kad/integrator/deployment-worker/pkg/application/application.go:71.12,73.17 2 0
github.com/kube-tarian/kad/integrator/deployment-worker/pkg/application/application.go:73.17,76.4 2 0
github.com/kube-tarian/kad/integrator/deployment-worker/pkg/application/application.go:81.95,83.3 1 0
github.com/kube-tarian/kad/integrator/deployment-worker/pkg/application/application.go:87.33,91.70 3 0
github.com/kube-tarian/kad/integrator/deployment-worker/pkg/application/application.go:91.70,93.3 1 0
github.com/kube-tarian/kad/integrator/deployment-worker/pkg/workflows/workflow.go:14.93,21.16 6 0
github.com/kube-tarian/kad/integrator/deployment-worker/pkg/workflows/workflow.go:26.2,36.16 7 0
github.com/kube-tarian/kad/integrator/deployment-worker/pkg/workflows/workflow.go:41.2,43.20 2 0
github.com/kube-tarian/kad/integrator/deployment-worker/pkg/workflows/workflow.go:21.16,24.3 2 0
github.com/kube-tarian/kad/integrator/deployment-worker/pkg/workflows/workflow.go:36.16,39.3 2 0
github.com/kube-tarian/kad/integrator/deployment-worker/pkg/model/payload.go:19.47,21.2 1 0
github.com/kube-tarian/kad/integrator/deployment-worker/pkg/plugins/argocd/create_app.go:13.67,16.16 3 0
github.com/kube-tarian/kad/integrator/deployment-worker/pkg/plugins/argocd/create_app.go:21.2,22.16 2 0
github.com/kube-tarian/kad/integrator/deployment-worker/pkg/plugins/argocd/create_app.go:26.2,52.16 4 0
github.com/kube-tarian/kad/integrator/deployment-worker/pkg/plugins/argocd/create_app.go:56.2,57.16 2 0
github.com/kube-tarian/kad/integrator/deployment-worker/pkg/plugins/argocd/create_app.go:62.2,63.16 2 0
github.com/kube-tarian/kad/integrator/deployment-worker/pkg/plugins/argocd/create_app.go:66.2,69.16 3 0
github.com/kube-tarian/kad/integrator/deployment-worker/pkg/plugins/argocd/create_app.go:72.2,74.38 2 0
github.com/kube-tarian/kad/integrator/deployment-worker/pkg/plugins/argocd/create_app.go:77.2,77.12 1 0
github.com/kube-tarian/kad/integrator/deployment-worker/pkg/plugins/argocd/create_app.go:16.16,19.3 2 0
github.com/kube-tarian/kad/integrator/deployment-worker/pkg/plugins/argocd/create_app.go:22.16,24.3 1 0
github.com/kube-tarian/kad/integrator/deployment-worker/pkg/plugins/argocd/create_app.go:52.16,55.3 2 0
github.com/kube-tarian/kad/integrator/deployment-worker/pkg/plugins/argocd/create_app.go:57.16,60.3 2 0
github.com/kube-tarian/kad/integrator/deployment-worker/pkg/plugins/argocd/create_app.go:63.16,65.3 1 0
github.com/kube-tarian/kad/integrator/deployment-worker/pkg/plugins/argocd/create_app.go:69.16,71.3 1 0
github.com/kube-tarian/kad/integrator/deployment-worker/pkg/plugins/argocd/create_app.go:74.38,76.3 1 0
github.com/kube-tarian/kad/integrator/deployment-worker/pkg/plugins/argocd/delete_app.go:11.67,14.16 3 0
github.com/kube-tarian/kad/integrator/deployment-worker/pkg/plugins/argocd/delete_app.go:19.2,20.16 2 0
github.com/kube-tarian/kad/integrator/deployment-worker/pkg/plugins/argocd/delete_app.go:24.2,25.16 2 0
github.com/kube-tarian/kad/integrator/deployment-worker/pkg/plugins/argocd/delete_app.go:28.2,31.16 3 0
github.com/kube-tarian/kad/integrator/deployment-worker/pkg/plugins/argocd/delete_app.go:34.2,36.38 2 0
github.com/kube-tarian/kad/integrator/deployment-worker/pkg/plugins/argocd/delete_app.go:39.2,39.12 1 0
github.com/kube-tarian/kad/integrator/deployment-worker/pkg/plugins/argocd/delete_app.go:14.16,17.3 2 0
github.com/kube-tarian/kad/integrator/deployment-worker/pkg/plugins/argocd/delete_app.go:20.16,22.3 1 0
github.com/kube-tarian/kad/integrator/deployment-worker/pkg/plugins/argocd/delete_app.go:25.16,27.3 1 0
github.com/kube-tarian/kad/integrator/deployment-worker/pkg/plugins/argocd/delete_app.go:31.16,33.3 1 0
github.com/kube-tarian/kad/integrator/deployment-worker/pkg/plugins/argocd/delete_app.go:36.38,38.3 1 0
github.com/kube-tarian/kad/integrator/deployment-worker/pkg/plugins/argocd/list_apps.go:15.56,17.16 2 0
github.com/kube-tarian/kad/integrator/deployment-worker/pkg/plugins/argocd/list_apps.go:21.2,22.16 2 0
github.com/kube-tarian/kad/integrator/deployment-worker/pkg/plugins/argocd/list_apps.go:25.2,29.16 4 0
github.com/kube-tarian/kad/integrator/deployment-worker/pkg/plugins/argocd/list_apps.go:32.2,34.38 2 0
github.com/kube-tarian/kad/integrator/deployment-worker/pkg/plugins/argocd/list_apps.go:37.2,38.16 2 0
github.com/kube-tarian/kad/integrator/deployment-worker/pkg/plugins/argocd/list_apps.go:41.2,41.17 1 0
github.com/kube-tarian/kad/integrator/deployment-worker/pkg/plugins/argocd/list_apps.go:17.16,19.3 1 0
github.com/kube-tarian/kad/integrator/deployment-worker/pkg/plugins/argocd/list_apps.go:22.16,24.3 1 0
github.com/kube-tarian/kad/integrator/deployment-worker/pkg/plugins/argocd/list_apps.go:29.16,31.3 1 0
github.com/kube-tarian/kad/integrator/deployment-worker/pkg/plugins/argocd/list_apps.go:34.38,36.3 1 0
github.com/kube-tarian/kad/integrator/deployment-worker/pkg/plugins/argocd/list_apps.go:38.16,40.3 1 0
github.com/kube-tarian/kad/integrator/deployment-worker/pkg/plugins/argocd/token.go:18.51,22.16 4 0
github.com/kube-tarian/kad/integrator/deployment-worker/pkg/plugins/argocd/token.go:26.2,27.16 2 0
github.com/kube-tarian/kad/integrator/deployment-worker/pkg/plugins/argocd/token.go:32.2,33.16 2 0
github.com/kube-tarian/kad/integrator/deployment-worker/pkg/plugins/argocd/token.go:37.2,38.16 2 0
github.com/kube-tarian/kad/integrator/deployment-worker/pkg/plugins/argocd/token.go:41.2,43.38 2 0
github.com/kube-tarian/kad/integrator/deployment-worker/pkg/plugins/argocd/token.go:46.2,47.16 2 0
github.com/kube-tarian/kad/integrator/deployment-worker/pkg/plugins/argocd/token.go:51.2,53.16 3 0
github.com/kube-tarian/kad/integrator/deployment-worker/pkg/plugins/argocd/token.go:57.2,57.25 1 0
github.com/kube-tarian/kad/integrator/deployment-worker/pkg/plugins/argocd/token.go:22.16,25.3 2 0
github.com/kube-tarian/kad/integrator/deployment-worker/pkg/plugins/argocd/token.go:27.16,30.3 2 0
github.com/kube-tarian/kad/integrator/deployment-worker/pkg/plugins/argocd/token.go:33.16,35.3 1 0
github.com/kube-tarian/kad/integrator/deployment-worker/pkg/plugins/argocd/token.go:38.16,40.3 1 0
github.com/kube-tarian/kad/integrator/deployment-worker/pkg/plugins/argocd/token.go:43.38,45.3 1 0
github.com/kube-tarian/kad/integrator/deployment-worker/pkg/plugins/argocd/token.go:47.16,49.3 1 0
github.com/kube-tarian/kad/integrator/deployment-worker/pkg/plugins/argocd/token.go:53.16,55.3 1 0
github.com/kube-tarian/kad/integrator/deployment-worker/pkg/plugins/helmplugin/list.go:7.35,20.16 4 0
github.com/kube-tarian/kad/integrator/deployment-worker/pkg/plugins/helmplugin/list.go:26.2,27.16 2 0
github.com/kube-tarian/kad/integrator/deployment-worker/pkg/plugins/helmplugin/list.go:32.2,32.30 1 0
github.com/kube-tarian/kad/integrator/deployment-worker/pkg/plugins/helmplugin/list.go:43.2,44.12 2 0
github.com/kube-tarian/kad/integrator/deployment-worker/pkg/plugins/helmplugin/list.go:20.16,23.3 2 0
github.com/kube-tarian/kad/integrator/deployment-worker/pkg/plugins/helmplugin/list.go:27.16,30.3 2 0
github.com/kube-tarian/kad/integrator/deployment-worker/pkg/plugins/helmplugin/list.go:32.30,42.3 1 0
github.com/kube-tarian/kad/integrator/deployment-worker/pkg/handler/api_handler.go:21.73,25.2 1 0
github.com/kube-tarian/kad/integrator/deployment-worker/pkg/handler/api_handler.go:27.49,28.36 1 0
github.com/kube-tarian/kad/integrator/deployment-worker/pkg/handler/api_handler.go:28.36,30.3 1 0
github.com/kube-tarian/kad/integrator/deployment-worker/pkg/handler/api_handler.go:33.74,35.16 2 0
github.com/kube-tarian/kad/integrator/deployment-worker/pkg/handler/api_handler.go:38.2,39.40 2 0
github.com/kube-tarian/kad/integrator/deployment-worker/pkg/handler/api_handler.go:35.16,37.3 1 0
github.com/kube-tarian/kad/integrator/deployment-worker/pkg/handler/api_handler.go:42.73,45.2 2 0
github.com/kube-tarian/kad/integrator/deployment-worker/pkg/plugins/argocd/client.go:20.62,22.16 2 0
github.com/kube-tarian/kad/integrator/deployment-worker/pkg/plugins/argocd/client.go:26.2,29.22 2 0
github.com/kube-tarian/kad/integrator/deployment-worker/pkg/plugins/argocd/client.go:33.2,37.8 1 0
github.com/kube-tarian/kad/integrator/deployment-worker/pkg/plugins/argocd/client.go:22.16,24.3 1 0
github.com/kube-tarian/kad/integrator/deployment-worker/pkg/plugins/argocd/client.go:29.22,32.3 1 0
github.com/kube-tarian/kad/integrator/deployment-worker/pkg/plugins/argocd/client.go:40.84,43.24 2 0
github.com/kube-tarian/kad/integrator/deployment-worker/pkg/plugins/argocd/client.go:51.2,51.16 1 0
github.com/kube-tarian/kad/integrator/deployment-worker/pkg/plugins/argocd/client.go:56.2,56.17 1 0
github.com/kube-tarian/kad/integrator/deployment-worker/pkg/plugins/argocd/client.go:44.17,45.26 1 0
github.com/kube-tarian/kad/integrator/deployment-worker/pkg/plugins/argocd/client.go:46.16,47.26 1 0
github.com/kube-tarian/kad/integrator/deployment-worker/pkg/plugins/argocd/client.go:48.10,49.79 1 0
github.com/kube-tarian/kad/integrator/deployment-worker/pkg/plugins/argocd/client.go:51.16,54.3 2 0
github.com/kube-tarian/kad/integrator/deployment-worker/pkg/plugins/argocd/client.go:59.51,63.2 3 0
github.com/kube-tarian/kad/integrator/deployment-worker/pkg/activities/activity.go:16.119,23.16 4 0
github.com/kube-tarian/kad/integrator/deployment-worker/pkg/activities/activity.go:29.2,30.16 2 0
github.com/kube-tarian/kad/integrator/deployment-worker/pkg/activities/activity.go:37.2,40.8 1 0
github.com/kube-tarian/kad/integrator/deployment-worker/pkg/activities/activity.go:23.16,28.3 1 0
github.com/kube-tarian/kad/integrator/deployment-worker/pkg/activities/activity.go:30.16,35.3 1 0
github.com/kube-tarian/kad/integrator/deployment-worker/api/deployment_worker.gen.go:40.87,43.91 2 0
github.com/kube-tarian/kad/integrator/deployment-worker/api/deployment_worker.gen.go:47.2,47.52 1 0
github.com/kube-tarian/kad/integrator/deployment-worker/api/deployment_worker.gen.go:51.2,51.42 1 0
github.com/kube-tarian/kad/integrator/deployment-worker/api/deployment_worker.gen.go:43.91,45.3 1 0
github.com/kube-tarian/kad/integrator/deployment-worker/api/deployment_worker.gen.go:47.52,49.3 1 0
github.com/kube-tarian/kad/integrator/deployment-worker/api/deployment_worker.gen.go:55.86,58.91 2 0
github.com/kube-tarian/kad/integrator/deployment-worker/api/deployment_worker.gen.go:62.2,62.52 1 0
github.com/kube-tarian/kad/integrator/deployment-worker/api/deployment_worker.gen.go:66.2,66.42 1 0
github.com/kube-tarian/kad/integrator/deployment-worker/api/deployment_worker.gen.go:58.91,60.3 1 0
github.com/kube-tarian/kad/integrator/deployment-worker/api/deployment_worker.gen.go:62.52,64.3 1 0
github.com/kube-tarian/kad/integrator/deployment-worker/api/deployment_worker.gen.go:74.52,76.2 1 0
github.com/kube-tarian/kad/integrator/deployment-worker/api/deployment_worker.gen.go:78.52,80.2 1 0
github.com/kube-tarian/kad/integrator/deployment-worker/api/deployment_worker.gen.go:87.50,89.2 1 0
github.com/kube-tarian/kad/integrator/deployment-worker/api/deployment_worker.gen.go:91.50,93.2 1 0
github.com/kube-tarian/kad/integrator/deployment-worker/api/deployment_worker.gen.go:99.45,101.2 1 0
github.com/kube-tarian/kad/integrator/deployment-worker/api/deployment_worker.gen.go:108.46,110.2 1 0
github.com/kube-tarian/kad/integrator/deployment-worker/api/deployment_worker.gen.go:112.46,114.2 1 0
github.com/kube-tarian/kad/integrator/deployment-worker/api/deployment_worker.gen.go:121.50,123.2 1 0
github.com/kube-tarian/kad/integrator/deployment-worker/api/deployment_worker.gen.go:125.50,127.2 1 0
github.com/kube-tarian/kad/integrator/deployment-worker/api/deployment_worker.gen.go:134.53,136.2 1 0
github.com/kube-tarian/kad/integrator/deployment-worker/api/deployment_worker.gen.go:139.47,141.2 1 0
github.com/kube-tarian/kad/integrator/deployment-worker/api/deployment_worker.gen.go:151.68,155.2 1 0
github.com/kube-tarian/kad/integrator/deployment-worker/api/deployment_worker.gen.go:157.95,162.2 1 0
github.com/kube-tarian/kad/integrator/deployment-worker/api/deployment_worker.gen.go:165.84,168.14 2 0
github.com/kube-tarian/kad/integrator/deployment-worker/api/deployment_worker.gen.go:171.2,171.37 1 0
github.com/kube-tarian/kad/integrator/deployment-worker/api/deployment_worker.gen.go:176.2,182.29 2 0
github.com/kube-tarian/kad/integrator/deployment-worker/api/deployment_worker.gen.go:185.2,185.29 1 0
github.com/kube-tarian/kad/integrator/deployment-worker/api/deployment_worker.gen.go:189.2,189.10 1 0
github.com/kube-tarian/kad/integrator/deployment-worker/api/deployment_worker.gen.go:168.14,170.3 1 0
github.com/kube-tarian/kad/integrator/deployment-worker/api/deployment_worker.gen.go:171.37,172.86 1 0
github.com/kube-tarian/kad/integrator/deployment-worker/api/deployment_worker.gen.go:172.86,174.4 1 0
github.com/kube-tarian/kad/integrator/deployment-worker/api/deployment_worker.gen.go:182.29,184.3 1 0
github.com/kube-tarian/kad/integrator/deployment-worker/api/deployment_worker.gen.go:185.29,187.3 1 0
github.com/kube-tarian/kad/integrator/deployment-worker/api/deployment_worker.gen.go:205.35,207.16 2 1
github.com/kube-tarian/kad/integrator/deployment-worker/api/deployment_worker.gen.go:210.2,211.16 2 1
github.com/kube-tarian/kad/integrator/deployment-worker/api/deployment_worker.gen.go:214.2,216.16 3 1
github.com/kube-tarian/kad/integrator/deployment-worker/api/deployment_worker.gen.go:220.2,220.25 1 1
github.com/kube-tarian/kad/integrator/deployment-worker/api/deployment_worker.gen.go:207.16,209.3 1 0
github.com/kube-tarian/kad/integrator/deployment-worker/api/deployment_worker.gen.go:211.16,213.3 1 0
github.com/kube-tarian/kad/integrator/deployment-worker/api/deployment_worker.gen.go:216.16,218.3 1 0
github.com/kube-tarian/kad/integrator/deployment-worker/api/deployment_worker.gen.go:226.48,228.32 2 1
github.com/kube-tarian/kad/integrator/deployment-worker/api/deployment_worker.gen.go:228.32,230.3 1 0
github.com/kube-tarian/kad/integrator/deployment-worker/api/deployment_worker.gen.go:234.73,236.25 2 0
github.com/kube-tarian/kad/integrator/deployment-worker/api/deployment_worker.gen.go:240.2,240.12 1 0
github.com/kube-tarian/kad/integrator/deployment-worker/api/deployment_worker.gen.go:236.25,238.3 1 0
github.com/kube-tarian/kad/integrator/deployment-worker/api/deployment_worker.gen.go:248.52,253.87 4 0
github.com/kube-tarian/kad/integrator/deployment-worker/api/deployment_worker.gen.go:263.2,265.16 3 0
github.com/kube-tarian/kad/integrator/deployment-worker/api/deployment_worker.gen.go:268.2,269.16 2 0
github.com/kube-tarian/kad/integrator/deployment-worker/api/deployment_worker.gen.go:272.2,272.8 1 0
github.com/kube-tarian/kad/integrator/deployment-worker/api/deployment_worker.gen.go:253.87,257.10 4 0
github.com/kube-tarian/kad/integrator/deployment-worker/api/deployment_worker.gen.go:261.3,261.19 1 0
github.com/kube-tarian/kad/integrator/deployment-worker/api/deployment_worker.gen.go:257.10,260.4 2 0
github.com/kube-tarian/kad/integrator/deployment-worker/api/deployment_worker.gen.go:265.16,267.3 1 0
github.com/kube-tarian/kad/integrator/deployment-worker/api/deployment_worker.gen.go:269.16,271.3 1 0
github.com/kube-tarian/kad/integrator/deployment-worker/main.go:12.13,24.2 9 0
github.com/kube-tarian/kad/integrator/deployment-worker/pkg/plugins/helmplugin/client.go:15.60,17.2 1 0
github.com/kube-tarian/kad/integrator/deployment-worker/pkg/plugins/helmplugin/client.go:19.82,22.24 2 0
github.com/kube-tarian/kad/integrator/deployment-worker/pkg/plugins/helmplugin/client.go:32.2,32.16 1 0
github.com/kube-tarian/kad/integrator/deployment-worker/pkg/plugins/helmplugin/client.go:37.2,37.17 1 0
github.com/kube-tarian/kad/integrator/deployment-worker/pkg/plugins/helmplugin/client.go:23.17,24.27 1 0
github.com/kube-tarian/kad/integrator/deployment-worker/pkg/plugins/helmplugin/client.go:25.16,26.26 1 0
github.com/kube-tarian/kad/integrator/deployment-worker/pkg/plugins/helmplugin/client.go:27.14,28.17 1 0
github.com/kube-tarian/kad/integrator/deployment-worker/pkg/plugins/helmplugin/client.go:29.10,30.77 1 0
github.com/kube-tarian/kad/integrator/deployment-worker/pkg/plugins/helmplugin/client.go:32.16,35.3 2 0
github.com/kube-tarian/kad/integrator/deployment-worker/pkg/plugins/helmplugin/delete.go:11.65,16.16 4 0
github.com/kube-tarian/kad/integrator/deployment-worker/pkg/plugins/helmplugin/delete.go:21.2,31.16 3 0
github.com/kube-tarian/kad/integrator/deployment-worker/pkg/plugins/helmplugin/delete.go:36.2,37.16 2 0
github.com/kube-tarian/kad/integrator/deployment-worker/pkg/plugins/helmplugin/delete.go:43.2,53.16 3 0
github.com/kube-tarian/kad/integrator/deployment-worker/pkg/plugins/helmplugin/delete.go:58.2,60.12 3 0
github.com/kube-tarian/kad/integrator/deployment-worker/pkg/plugins/helmplugin/delete.go:16.16,19.3 2 0
github.com/kube-tarian/kad/integrator/deployment-worker/pkg/plugins/helmplugin/delete.go:31.16,34.3 2 0
github.com/kube-tarian/kad/integrator/deployment-worker/pkg/plugins/helmplugin/delete.go:37.16,40.3 2 0
github.com/kube-tarian/kad/integrator/deployment-worker/pkg/plugins/helmplugin/delete.go:53.16,56.3 2 0
github.com/kube-tarian/kad/integrator/deployment-worker/pkg/plugins/helmplugin/install.go:14.66,19.16 4 0
github.com/kube-tarian/kad/integrator/deployment-worker/pkg/plugins/helmplugin/install.go:24.2,34.16 3 0
github.com/kube-tarian/kad/integrator/deployment-worker/pkg/plugins/helmplugin/install.go:39.2,40.16 2 0
github.com/kube-tarian/kad/integrator/deployment-worker/pkg/plugins/helmplugin/install.go:46.2,61.16 3 0
github.com/kube-tarian/kad/integrator/deployment-worker/pkg/plugins/helmplugin/install.go:66.2,68.12 3 0
github.com/kube-tarian/kad/integrator/deployment-worker/pkg/plugins/helmplugin/install.go:19.16,22.3 2 0
github.com/kube-tarian/kad/integrator/deployment-worker/pkg/plugins/helmplugin/install.go:34.16,37.3 2 0
github.com/kube-tarian/kad/integrator/deployment-worker/pkg/plugins/helmplugin/install.go:40.16,43.3 2 0
github.com/kube-tarian/kad/integrator/deployment-worker/pkg/plugins/helmplugin/install.go:61.16,64.3 2 0
github.com/kube-tarian/kad/integrator/deployment-worker/pkg/plugins/helmplugin/install.go:71.86,79.63 2 0
github.com/kube-tarian/kad/integrator/deployment-worker/pkg/plugins/helmplugin/install.go:83.2,83.12 1 0
github.com/kube-tarian/kad/integrator/deployment-worker/pkg/plugins/helmplugin/install.go:79.63,82.3 2 0
github.com/kube-tarian/kad/integrator/deployment-worker/pkg/plugins/plugins.go:13.86,14.33 1 0
github.com/kube-tarian/kad/integrator/deployment-worker/pkg/plugins/plugins.go:15.14,16.38 1 0
github.com/kube-tarian/kad/integrator/deployment-worker/pkg/plugins/plugins.go:17.16,18.34 1 0
github.com/kube-tarian/kad/integrator/deployment-worker/pkg/plugins/plugins.go:19.10,20.56 1 0
github.com/kube-tarian/kad/integrator/deployment-worker/pkg/plugins/argocd/token.go:18.51,22.16 4 0
github.com/kube-tarian/kad/integrator/deployment-worker/pkg/plugins/argocd/token.go:26.2,27.16 2 0
github.com/kube-tarian/kad/integrator/deployment-worker/pkg/plugins/argocd/token.go:32.2,33.16 2 0
github.com/kube-tarian/kad/integrator/deployment-worker/pkg/plugins/argocd/token.go:37.2,38.16 2 0
github.com/kube-tarian/kad/integrator/deployment-worker/pkg/plugins/argocd/token.go:41.2,43.38 2 0
github.com/kube-tarian/kad/integrator/deployment-worker/pkg/plugins/argocd/token.go:46.2,47.16 2 0
github.com/kube-tarian/kad/integrator/deployment-worker/pkg/plugins/argocd/token.go:51.2,53.16 3 0
github.com/kube-tarian/kad/integrator/deployment-worker/pkg/plugins/argocd/token.go:57.2,57.25 1 0
github.com/kube-tarian/kad/integrator/deployment-worker/pkg/plugins/argocd/token.go:22.16,25.3 2 0
github.com/kube-tarian/kad/integrator/deployment-worker/pkg/plugins/argocd/token.go:27.16,30.3 2 0
github.com/kube-tarian/kad/integrator/deployment-worker/pkg/plugins/argocd/token.go:33.16,35.3 1 0
github.com/kube-tarian/kad/integrator/deployment-worker/pkg/plugins/argocd/token.go:38.16,40.3 1 0
github.com/kube-tarian/kad/integrator/deployment-worker/pkg/plugins/argocd/token.go:43.38,45.3 1 0
github.com/kube-tarian/kad/integrator/deployment-worker/pkg/plugins/argocd/token.go:47.16,49.3 1 0
github.com/kube-tarian/kad/integrator/deployment-worker/pkg/plugins/argocd/token.go:53.16,55.3 1 0
github.com/kube-tarian/kad/integrator/deployment-worker/pkg/plugins/helmplugin/list.go:7.35,20.16 4 0
github.com/kube-tarian/kad/integrator/deployment-worker/pkg/plugins/helmplugin/list.go:26.2,27.16 2 0
github.com/kube-tarian/kad/integrator/deployment-worker/pkg/plugins/helmplugin/list.go:32.2,32.30 1 0
github.com/kube-tarian/kad/integrator/deployment-worker/pkg/plugins/helmplugin/list.go:43.2,44.12 2 0
github.com/kube-tarian/kad/integrator/deployment-worker/pkg/plugins/helmplugin/list.go:20.16,23.3 2 0
github.com/kube-tarian/kad/integrator/deployment-worker/pkg/plugins/helmplugin/list.go:27.16,30.3 2 0
github.com/kube-tarian/kad/integrator/deployment-worker/pkg/plugins/helmplugin/list.go:32.30,42.3 1 0
github.com/kube-tarian/kad/integrator/pkg/worker-framework/event_processor.go:39.104,41.16 2 0
github.com/kube-tarian/kad/integrator/pkg/worker-framework/event_processor.go:45.2,52.16 3 0
github.com/kube-tarian/kad/integrator/pkg/worker-framework/event_processor.go:56.2,56.20 1 0
github.com/kube-tarian/kad/integrator/pkg/worker-framework/event_processor.go:41.16,43.3 1 0
github.com/kube-tarian/kad/integrator/pkg/worker-framework/event_processor.go:52.16,54.3 1 0
github.com/kube-tarian/kad/integrator/pkg/worker-framework/event_processor.go:59.97,65.16 2 0
github.com/kube-tarian/kad/integrator/pkg/worker-framework/event_processor.go:73.2,74.16 2 0
github.com/kube-tarian/kad/integrator/pkg/worker-framework/event_processor.go:78.2,83.78 3 0
github.com/kube-tarian/kad/integrator/pkg/worker-framework/event_processor.go:86.2,87.25 2 0
github.com/kube-tarian/kad/integrator/pkg/worker-framework/event_processor.go:95.2,101.12 5 0
github.com/kube-tarian/kad/integrator/pkg/worker-framework/event_processor.go:65.16,67.3 1 0
github.com/kube-tarian/kad/integrator/pkg/worker-framework/event_processor.go:74.16,76.3 1 0
github.com/kube-tarian/kad/integrator/pkg/worker-framework/event_processor.go:83.78,85.3 1 0
github.com/kube-tarian/kad/integrator/pkg/worker-framework/event_processor.go:87.25,89.17 2 0
github.com/kube-tarian/kad/integrator/pkg/worker-framework/event_processor.go:93.3,93.8 1 0
github.com/kube-tarian/kad/integrator/pkg/worker-framework/event_processor.go:89.17,91.12 2 0
github.com/kube-tarian/kad/integrator/pkg/worker-framework/event_processor.go:104.30,106.16 2 0
github.com/kube-tarian/kad/integrator/pkg/worker-framework/event_processor.go:109.2,109.12 1 0
github.com/kube-tarian/kad/integrator/pkg/worker-framework/event_processor.go:106.16,108.3 1 0
github.com/kube-tarian/kad/integrator/pkg/worker-framework/event_processor.go:112.26,115.2 2 0
github.com/kube-tarian/kad/integrator/pkg/worker-framework/event_processor.go:117.51,121.2 3 0
github.com/kube-tarian/kad/integrator/deployment-worker/pkg/plugins/plugins.go:13.86,14.33 1 0
github.com/kube-tarian/kad/integrator/deployment-worker/pkg/plugins/plugins.go:15.14,16.38 1 0
github.com/kube-tarian/kad/integrator/deployment-worker/pkg/plugins/plugins.go:17.16,18.34 1 0
github.com/kube-tarian/kad/integrator/deployment-worker/pkg/plugins/plugins.go:19.10,20.56 1 0
github.com/kube-tarian/kad/integrator/deployment-worker/pkg/model/payload.go:19.47,21.2 1 0
github.com/kube-tarian/kad/integrator/deployment-worker/pkg/plugins/argocd/delete_app.go:11.67,14.16 3 0
github.com/kube-tarian/kad/integrator/deployment-worker/pkg/plugins/argocd/delete_app.go:19.2,20.16 2 0
github.com/kube-tarian/kad/integrator/deployment-worker/pkg/plugins/argocd/delete_app.go:24.2,25.16 2 0
github.com/kube-tarian/kad/integrator/deployment-worker/pkg/plugins/argocd/delete_app.go:28.2,31.16 3 0
github.com/kube-tarian/kad/integrator/deployment-worker/pkg/plugins/argocd/delete_app.go:34.2,36.38 2 0
github.com/kube-tarian/kad/integrator/deployment-worker/pkg/plugins/argocd/delete_app.go:39.2,39.12 1 0
github.com/kube-tarian/kad/integrator/deployment-worker/pkg/plugins/argocd/delete_app.go:14.16,17.3 2 0
github.com/kube-tarian/kad/integrator/deployment-worker/pkg/plugins/argocd/delete_app.go:20.16,22.3 1 0
github.com/kube-tarian/kad/integrator/deployment-worker/pkg/plugins/argocd/delete_app.go:25.16,27.3 1 0
github.com/kube-tarian/kad/integrator/deployment-worker/pkg/plugins/argocd/delete_app.go:31.16,33.3 1 0
github.com/kube-tarian/kad/integrator/deployment-worker/pkg/plugins/argocd/delete_app.go:36.38,38.3 1 0
github.com/kube-tarian/kad/integrator/deployment-worker/pkg/plugins/argocd/list_apps.go:15.56,17.16 2 0
github.com/kube-tarian/kad/integrator/deployment-worker/pkg/plugins/argocd/list_apps.go:21.2,22.16 2 0
github.com/kube-tarian/kad/integrator/deployment-worker/pkg/plugins/argocd/list_apps.go:25.2,29.16 4 0
github.com/kube-tarian/kad/integrator/deployment-worker/pkg/plugins/argocd/list_apps.go:32.2,34.38 2 0
github.com/kube-tarian/kad/integrator/deployment-worker/pkg/plugins/argocd/list_apps.go:37.2,38.16 2 0
github.com/kube-tarian/kad/integrator/deployment-worker/pkg/plugins/argocd/list_apps.go:41.2,41.17 1 0
github.com/kube-tarian/kad/integrator/deployment-worker/pkg/plugins/argocd/list_apps.go:17.16,19.3 1 0
github.com/kube-tarian/kad/integrator/deployment-worker/pkg/plugins/argocd/list_apps.go:22.16,24.3 1 0
github.com/kube-tarian/kad/integrator/deployment-worker/pkg/plugins/argocd/list_apps.go:29.16,31.3 1 0
github.com/kube-tarian/kad/integrator/deployment-worker/pkg/plugins/argocd/list_apps.go:34.38,36.3 1 0
github.com/kube-tarian/kad/integrator/deployment-worker/pkg/plugins/argocd/list_apps.go:38.16,40.3 1 0
github.com/kube-tarian/kad/integrator/deployment-worker/pkg/plugins/helmplugin/client.go:15.60,17.2 1 0
github.com/kube-tarian/kad/integrator/deployment-worker/pkg/plugins/helmplugin/client.go:19.82,22.24 2 0
github.com/kube-tarian/kad/integrator/deployment-worker/pkg/plugins/helmplugin/client.go:32.2,32.16 1 0
github.com/kube-tarian/kad/integrator/deployment-worker/pkg/plugins/helmplugin/client.go:37.2,37.17 1 0
github.com/kube-tarian/kad/integrator/deployment-worker/pkg/plugins/helmplugin/client.go:23.17,24.27 1 0
github.com/kube-tarian/kad/integrator/deployment-worker/pkg/plugins/helmplugin/client.go:25.16,26.26 1 0
github.com/kube-tarian/kad/integrator/deployment-worker/pkg/plugins/helmplugin/client.go:27.14,28.17 1 0
github.com/kube-tarian/kad/integrator/deployment-worker/pkg/plugins/helmplugin/client.go:29.10,30.77 1 0
github.com/kube-tarian/kad/integrator/deployment-worker/pkg/plugins/helmplugin/client.go:32.16,35.3 2 0
github.com/kube-tarian/kad/integrator/deployment-worker/pkg/plugins/helmplugin/delete.go:11.65,16.16 4 0
github.com/kube-tarian/kad/integrator/deployment-worker/pkg/plugins/helmplugin/delete.go:21.2,31.16 3 0
github.com/kube-tarian/kad/integrator/deployment-worker/pkg/plugins/helmplugin/delete.go:36.2,37.16 2 0
github.com/kube-tarian/kad/integrator/deployment-worker/pkg/plugins/helmplugin/delete.go:43.2,53.16 3 0
github.com/kube-tarian/kad/integrator/deployment-worker/pkg/plugins/helmplugin/delete.go:58.2,60.12 3 0
github.com/kube-tarian/kad/integrator/deployment-worker/pkg/plugins/helmplugin/delete.go:16.16,19.3 2 0
github.com/kube-tarian/kad/integrator/deployment-worker/pkg/plugins/helmplugin/delete.go:31.16,34.3 2 0
github.com/kube-tarian/kad/integrator/deployment-worker/pkg/plugins/helmplugin/delete.go:37.16,40.3 2 0
github.com/kube-tarian/kad/integrator/deployment-worker/pkg/plugins/helmplugin/delete.go:53.16,56.3 2 0
github.com/kube-tarian/kad/integrator/deployment-worker/pkg/plugins/helmplugin/install.go:14.66,19.16 4 0
github.com/kube-tarian/kad/integrator/deployment-worker/pkg/plugins/helmplugin/install.go:24.2,34.16 3 0
github.com/kube-tarian/kad/integrator/deployment-worker/pkg/plugins/helmplugin/install.go:39.2,40.16 2 0
github.com/kube-tarian/kad/integrator/deployment-worker/pkg/plugins/helmplugin/install.go:46.2,61.16 3 0
github.com/kube-tarian/kad/integrator/deployment-worker/pkg/plugins/helmplugin/install.go:66.2,68.12 3 0
github.com/kube-tarian/kad/integrator/deployment-worker/pkg/plugins/helmplugin/install.go:19.16,22.3 2 0
github.com/kube-tarian/kad/integrator/deployment-worker/pkg/plugins/helmplugin/install.go:34.16,37.3 2 0
github.com/kube-tarian/kad/integrator/deployment-worker/pkg/plugins/helmplugin/install.go:40.16,43.3 2 0
github.com/kube-tarian/kad/integrator/deployment-worker/pkg/plugins/helmplugin/install.go:61.16,64.3 2 0
github.com/kube-tarian/kad/integrator/deployment-worker/pkg/plugins/helmplugin/install.go:71.86,79.63 2 0
github.com/kube-tarian/kad/integrator/deployment-worker/pkg/plugins/helmplugin/install.go:83.2,83.12 1 0
github.com/kube-tarian/kad/integrator/deployment-worker/pkg/plugins/helmplugin/install.go:79.63,82.3 2 0
github.com/kube-tarian/kad/integrator/deployment-worker/pkg/workflows/workflow.go:14.93,21.16 6 0
github.com/kube-tarian/kad/integrator/deployment-worker/pkg/workflows/workflow.go:26.2,36.16 7 0
github.com/kube-tarian/kad/integrator/deployment-worker/pkg/workflows/workflow.go:41.2,43.20 2 0
github.com/kube-tarian/kad/integrator/deployment-worker/pkg/workflows/workflow.go:21.16,24.3 2 0
github.com/kube-tarian/kad/integrator/deployment-worker/pkg/workflows/workflow.go:36.16,39.3 2 0
github.com/kube-tarian/kad/integrator/deployment-worker/pkg/application/application.go:35.46,37.51 2 0
github.com/kube-tarian/kad/integrator/deployment-worker/pkg/application/application.go:42.2,43.16 2 0
github.com/kube-tarian/kad/integrator/deployment-worker/pkg/application/application.go:47.2,48.16 2 0
github.com/kube-tarian/kad/integrator/deployment-worker/pkg/application/application.go:52.2,66.3 4 0
github.com/kube-tarian/kad/integrator/deployment-worker/pkg/application/application.go:37.51,39.3 1 0
github.com/kube-tarian/kad/integrator/deployment-worker/pkg/application/application.go:43.16,45.3 1 0
github.com/kube-tarian/kad/integrator/deployment-worker/pkg/application/application.go:48.16,50.3 1 0
github.com/kube-tarian/kad/integrator/deployment-worker/pkg/application/application.go:69.33,71.12 2 0
github.com/kube-tarian/kad/integrator/deployment-worker/pkg/application/application.go:79.2,81.95 3 0
github.com/kube-tarian/kad/integrator/deployment-worker/pkg/application/application.go:84.2,84.36 1 0
github.com/kube-tarian/kad/integrator/deployment-worker/pkg/application/application.go:71.12,73.17 2 0
github.com/kube-tarian/kad/integrator/deployment-worker/pkg/application/application.go:73.17,76.4 2 0
github.com/kube-tarian/kad/integrator/deployment-worker/pkg/application/application.go:81.95,83.3 1 0
github.com/kube-tarian/kad/integrator/deployment-worker/pkg/application/application.go:87.33,91.70 3 0
github.com/kube-tarian/kad/integrator/deployment-worker/pkg/application/application.go:91.70,93.3 1 0
github.com/kube-tarian/kad/integrator/deployment-worker/main.go:12.13,24.2 9 0
github.com/kube-tarian/kad/integrator/deployment-worker/pkg/activities/activity.go:16.119,23.16 4 0
github.com/kube-tarian/kad/integrator/deployment-worker/pkg/activities/activity.go:29.2,30.16 2 0
github.com/kube-tarian/kad/integrator/deployment-worker/pkg/activities/activity.go:37.2,40.8 1 0
github.com/kube-tarian/kad/integrator/deployment-worker/pkg/activities/activity.go:23.16,28.3 1 0
github.com/kube-tarian/kad/integrator/deployment-worker/pkg/activities/activity.go:30.16,35.3 1 0
github.com/kube-tarian/kad/integrator/pkg/logging/logging.go:30.61,37.2 2 0
github.com/kube-tarian/kad/integrator/pkg/logging/logging.go:39.62,46.2 2 0
github.com/kube-tarian/kad/integrator/pkg/logging/logging.go:48.62,55.2 2 0
github.com/kube-tarian/kad/integrator/pkg/logging/logging.go:57.62,64.2 2 0
github.com/kube-tarian/kad/integrator/pkg/logging/logging.go:66.60,73.2 2 0
github.com/kube-tarian/kad/integrator/pkg/logging/logging.go:75.60,82.2 2 0
github.com/kube-tarian/kad/integrator/pkg/logging/logging.go:84.61,91.2 2 0
github.com/kube-tarian/kad/integrator/pkg/logging/logging.go:93.61,100.2 2 0
github.com/kube-tarian/kad/integrator/pkg/logging/logging.go:102.61,109.2 2 0
github.com/kube-tarian/kad/integrator/pkg/logging/logging.go:111.97,122.2 2 0
github.com/kube-tarian/kad/integrator/pkg/logging/logging.go:124.41,127.2 2 0
github.com/kube-tarian/kad/integrator/pkg/logging/logging.go:129.25,136.2 3 0
github.com/kube-tarian/kad/integrator/deployment-worker/pkg/plugins/argocd/client.go:20.62,22.16 2 0
github.com/kube-tarian/kad/integrator/deployment-worker/pkg/plugins/argocd/client.go:26.2,29.22 2 0
github.com/kube-tarian/kad/integrator/deployment-worker/pkg/plugins/argocd/client.go:33.2,37.8 1 0
github.com/kube-tarian/kad/integrator/deployment-worker/pkg/plugins/argocd/client.go:22.16,24.3 1 0
github.com/kube-tarian/kad/integrator/deployment-worker/pkg/plugins/argocd/client.go:29.22,32.3 1 0
github.com/kube-tarian/kad/integrator/deployment-worker/pkg/plugins/argocd/client.go:40.84,43.24 2 0
github.com/kube-tarian/kad/integrator/deployment-worker/pkg/plugins/argocd/client.go:51.2,51.16 1 0
github.com/kube-tarian/kad/integrator/deployment-worker/pkg/plugins/argocd/client.go:56.2,56.17 1 0
github.com/kube-tarian/kad/integrator/deployment-worker/pkg/plugins/argocd/client.go:44.17,45.26 1 0
github.com/kube-tarian/kad/integrator/deployment-worker/pkg/plugins/argocd/client.go:46.16,47.26 1 0
github.com/kube-tarian/kad/integrator/deployment-worker/pkg/plugins/argocd/client.go:48.10,49.79 1 0
github.com/kube-tarian/kad/integrator/deployment-worker/pkg/plugins/argocd/client.go:51.16,54.3 2 0
github.com/kube-tarian/kad/integrator/deployment-worker/pkg/plugins/argocd/client.go:59.51,63.2 3 0
github.com/kube-tarian/kad/integrator/deployment-worker/pkg/plugins/argocd/create_app.go:13.67,16.16 3 0
github.com/kube-tarian/kad/integrator/deployment-worker/pkg/plugins/argocd/create_app.go:21.2,22.16 2 0
github.com/kube-tarian/kad/integrator/deployment-worker/pkg/plugins/argocd/create_app.go:26.2,52.16 4 0
github.com/kube-tarian/kad/integrator/deployment-worker/pkg/plugins/argocd/create_app.go:56.2,57.16 2 0
github.com/kube-tarian/kad/integrator/deployment-worker/pkg/plugins/argocd/create_app.go:62.2,63.16 2 0
github.com/kube-tarian/kad/integrator/deployment-worker/pkg/plugins/argocd/create_app.go:66.2,69.16 3 0
github.com/kube-tarian/kad/integrator/deployment-worker/pkg/plugins/argocd/create_app.go:72.2,74.38 2 0
github.com/kube-tarian/kad/integrator/deployment-worker/pkg/plugins/argocd/create_app.go:77.2,77.12 1 0
github.com/kube-tarian/kad/integrator/deployment-worker/pkg/plugins/argocd/create_app.go:16.16,19.3 2 0
github.com/kube-tarian/kad/integrator/deployment-worker/pkg/plugins/argocd/create_app.go:22.16,24.3 1 0
github.com/kube-tarian/kad/integrator/deployment-worker/pkg/plugins/argocd/create_app.go:52.16,55.3 2 0
github.com/kube-tarian/kad/integrator/deployment-worker/pkg/plugins/argocd/create_app.go:57.16,60.3 2 0
github.com/kube-tarian/kad/integrator/deployment-worker/pkg/plugins/argocd/create_app.go:63.16,65.3 1 0
github.com/kube-tarian/kad/integrator/deployment-worker/pkg/plugins/argocd/create_app.go:69.16,71.3 1 0
github.com/kube-tarian/kad/integrator/deployment-worker/pkg/plugins/argocd/create_app.go:74.38,76.3 1 0
github.com/kube-tarian/kad/integrator/deployment-worker/api/deployment_worker.gen.go:40.87,43.91 2 0
github.com/kube-tarian/kad/integrator/deployment-worker/api/deployment_worker.gen.go:47.2,47.52 1 0
github.com/kube-tarian/kad/integrator/deployment-worker/api/deployment_worker.gen.go:51.2,51.42 1 0
github.com/kube-tarian/kad/integrator/deployment-worker/api/deployment_worker.gen.go:43.91,45.3 1 0
github.com/kube-tarian/kad/integrator/deployment-worker/api/deployment_worker.gen.go:47.52,49.3 1 0
github.com/kube-tarian/kad/integrator/deployment-worker/api/deployment_worker.gen.go:55.86,58.91 2 0
github.com/kube-tarian/kad/integrator/deployment-worker/api/deployment_worker.gen.go:62.2,62.52 1 0
github.com/kube-tarian/kad/integrator/deployment-worker/api/deployment_worker.gen.go:66.2,66.42 1 0
github.com/kube-tarian/kad/integrator/deployment-worker/api/deployment_worker.gen.go:58.91,60.3 1 0
github.com/kube-tarian/kad/integrator/deployment-worker/api/deployment_worker.gen.go:62.52,64.3 1 0
github.com/kube-tarian/kad/integrator/deployment-worker/api/deployment_worker.gen.go:74.52,76.2 1 0
github.com/kube-tarian/kad/integrator/deployment-worker/api/deployment_worker.gen.go:78.52,80.2 1 0
github.com/kube-tarian/kad/integrator/deployment-worker/api/deployment_worker.gen.go:87.50,89.2 1 0
github.com/kube-tarian/kad/integrator/deployment-worker/api/deployment_worker.gen.go:91.50,93.2 1 0
github.com/kube-tarian/kad/integrator/deployment-worker/api/deployment_worker.gen.go:99.45,101.2 1 0
github.com/kube-tarian/kad/integrator/deployment-worker/api/deployment_worker.gen.go:108.46,110.2 1 0
github.com/kube-tarian/kad/integrator/deployment-worker/api/deployment_worker.gen.go:112.46,114.2 1 0
github.com/kube-tarian/kad/integrator/deployment-worker/api/deployment_worker.gen.go:121.50,123.2 1 0
github.com/kube-tarian/kad/integrator/deployment-worker/api/deployment_worker.gen.go:125.50,127.2 1 0
github.com/kube-tarian/kad/integrator/deployment-worker/api/deployment_worker.gen.go:134.53,136.2 1 0
github.com/kube-tarian/kad/integrator/deployment-worker/api/deployment_worker.gen.go:139.47,141.2 1 0
github.com/kube-tarian/kad/integrator/deployment-worker/api/deployment_worker.gen.go:151.68,155.2 1 0
github.com/kube-tarian/kad/integrator/deployment-worker/api/deployment_worker.gen.go:157.95,162.2 1 0
github.com/kube-tarian/kad/integrator/deployment-worker/api/deployment_worker.gen.go:165.84,168.14 2 0
github.com/kube-tarian/kad/integrator/deployment-worker/api/deployment_worker.gen.go:171.2,171.37 1 0
github.com/kube-tarian/kad/integrator/deployment-worker/api/deployment_worker.gen.go:176.2,182.29 2 0
github.com/kube-tarian/kad/integrator/deployment-worker/api/deployment_worker.gen.go:185.2,185.29 1 0
github.com/kube-tarian/kad/integrator/deployment-worker/api/deployment_worker.gen.go:189.2,189.10 1 0
github.com/kube-tarian/kad/integrator/deployment-worker/api/deployment_worker.gen.go:168.14,170.3 1 0
github.com/kube-tarian/kad/integrator/deployment-worker/api/deployment_worker.gen.go:171.37,172.86 1 0
github.com/kube-tarian/kad/integrator/deployment-worker/api/deployment_worker.gen.go:172.86,174.4 1 0
github.com/kube-tarian/kad/integrator/deployment-worker/api/deployment_worker.gen.go:182.29,184.3 1 0
github.com/kube-tarian/kad/integrator/deployment-worker/api/deployment_worker.gen.go:185.29,187.3 1 0
github.com/kube-tarian/kad/integrator/deployment-worker/api/deployment_worker.gen.go:205.35,207.16 2 1
github.com/kube-tarian/kad/integrator/deployment-worker/api/deployment_worker.gen.go:210.2,211.16 2 1
github.com/kube-tarian/kad/integrator/deployment-worker/api/deployment_worker.gen.go:214.2,216.16 3 1
github.com/kube-tarian/kad/integrator/deployment-worker/api/deployment_worker.gen.go:220.2,220.25 1 1
github.com/kube-tarian/kad/integrator/deployment-worker/api/deployment_worker.gen.go:207.16,209.3 1 0
github.com/kube-tarian/kad/integrator/deployment-worker/api/deployment_worker.gen.go:211.16,213.3 1 0
github.com/kube-tarian/kad/integrator/deployment-worker/api/deployment_worker.gen.go:216.16,218.3 1 0
github.com/kube-tarian/kad/integrator/deployment-worker/api/deployment_worker.gen.go:226.48,228.32 2 1
github.com/kube-tarian/kad/integrator/deployment-worker/api/deployment_worker.gen.go:228.32,230.3 1 0
github.com/kube-tarian/kad/integrator/deployment-worker/api/deployment_worker.gen.go:234.73,236.25 2 0
github.com/kube-tarian/kad/integrator/deployment-worker/api/deployment_worker.gen.go:240.2,240.12 1 0
github.com/kube-tarian/kad/integrator/deployment-worker/api/deployment_worker.gen.go:236.25,238.3 1 0
github.com/kube-tarian/kad/integrator/deployment-worker/api/deployment_worker.gen.go:248.52,253.87 4 0
github.com/kube-tarian/kad/integrator/deployment-worker/api/deployment_worker.gen.go:263.2,265.16 3 0
github.com/kube-tarian/kad/integrator/deployment-worker/api/deployment_worker.gen.go:268.2,269.16 2 0
github.com/kube-tarian/kad/integrator/deployment-worker/api/deployment_worker.gen.go:272.2,272.8 1 0
github.com/kube-tarian/kad/integrator/deployment-worker/api/deployment_worker.gen.go:253.87,257.10 4 0
github.com/kube-tarian/kad/integrator/deployment-worker/api/deployment_worker.gen.go:261.3,261.19 1 0
github.com/kube-tarian/kad/integrator/deployment-worker/api/deployment_worker.gen.go:257.10,260.4 2 0
github.com/kube-tarian/kad/integrator/deployment-worker/api/deployment_worker.gen.go:265.16,267.3 1 0
github.com/kube-tarian/kad/integrator/deployment-worker/api/deployment_worker.gen.go:269.16,271.3 1 0
github.com/kube-tarian/kad/integrator/deployment-worker/pkg/handler/api_handler.go:21.73,25.2 1 0
github.com/kube-tarian/kad/integrator/deployment-worker/pkg/handler/api_handler.go:27.49,28.36 1 0
github.com/kube-tarian/kad/integrator/deployment-worker/pkg/handler/api_handler.go:28.36,30.3 1 0
github.com/kube-tarian/kad/integrator/deployment-worker/pkg/handler/api_handler.go:33.74,35.16 2 0
github.com/kube-tarian/kad/integrator/deployment-worker/pkg/handler/api_handler.go:38.2,39.40 2 0
github.com/kube-tarian/kad/integrator/deployment-worker/pkg/handler/api_handler.go:35.16,37.3 1 0
github.com/kube-tarian/kad/integrator/deployment-worker/pkg/handler/api_handler.go:42.73,45.2 2 0
github.com/kube-tarian/kad/integrator/deployment-worker/main.go:12.13,24.2 9 0
github.com/kube-tarian/kad/integrator/deployment-worker/pkg/plugins/argocd/list_apps.go:15.56,17.16 2 0
github.com/kube-tarian/kad/integrator/deployment-worker/pkg/plugins/argocd/list_apps.go:21.2,22.16 2 0
github.com/kube-tarian/kad/integrator/deployment-worker/pkg/plugins/argocd/list_apps.go:25.2,29.16 4 0
github.com/kube-tarian/kad/integrator/deployment-worker/pkg/plugins/argocd/list_apps.go:32.2,34.38 2 0
github.com/kube-tarian/kad/integrator/deployment-worker/pkg/plugins/argocd/list_apps.go:37.2,38.16 2 0
github.com/kube-tarian/kad/integrator/deployment-worker/pkg/plugins/argocd/list_apps.go:41.2,41.17 1 0
github.com/kube-tarian/kad/integrator/deployment-worker/pkg/plugins/argocd/list_apps.go:17.16,19.3 1 0
github.com/kube-tarian/kad/integrator/deployment-worker/pkg/plugins/argocd/list_apps.go:22.16,24.3 1 0
github.com/kube-tarian/kad/integrator/deployment-worker/pkg/plugins/argocd/list_apps.go:29.16,31.3 1 0
github.com/kube-tarian/kad/integrator/deployment-worker/pkg/plugins/argocd/list_apps.go:34.38,36.3 1 0
github.com/kube-tarian/kad/integrator/deployment-worker/pkg/plugins/argocd/list_apps.go:38.16,40.3 1 0
github.com/kube-tarian/kad/integrator/deployment-worker/pkg/plugins/helmplugin/list.go:7.35,20.16 4 0
github.com/kube-tarian/kad/integrator/deployment-worker/pkg/plugins/helmplugin/list.go:26.2,27.16 2 0
github.com/kube-tarian/kad/integrator/deployment-worker/pkg/plugins/helmplugin/list.go:32.2,32.30 1 0
github.com/kube-tarian/kad/integrator/deployment-worker/pkg/plugins/helmplugin/list.go:43.2,44.12 2 0
github.com/kube-tarian/kad/integrator/deployment-worker/pkg/plugins/helmplugin/list.go:20.16,23.3 2 0
github.com/kube-tarian/kad/integrator/deployment-worker/pkg/plugins/helmplugin/list.go:27.16,30.3 2 0
github.com/kube-tarian/kad/integrator/deployment-worker/pkg/plugins/helmplugin/list.go:32.30,42.3 1 0
github.com/kube-tarian/kad/integrator/pkg/worker-framework/event_processor.go:39.104,41.16 2 1
github.com/kube-tarian/kad/integrator/pkg/worker-framework/event_processor.go:45.2,52.16 3 1
github.com/kube-tarian/kad/integrator/pkg/worker-framework/event_processor.go:56.2,56.20 1 1
github.com/kube-tarian/kad/integrator/pkg/worker-framework/event_processor.go:41.16,43.3 1 0
github.com/kube-tarian/kad/integrator/pkg/worker-framework/event_processor.go:52.16,54.3 1 0
github.com/kube-tarian/kad/integrator/pkg/worker-framework/event_processor.go:59.97,65.16 2 1
github.com/kube-tarian/kad/integrator/pkg/worker-framework/event_processor.go:73.2,74.16 2 1
github.com/kube-tarian/kad/integrator/pkg/worker-framework/event_processor.go:78.2,83.78 3 1
github.com/kube-tarian/kad/integrator/pkg/worker-framework/event_processor.go:86.2,87.25 2 1
github.com/kube-tarian/kad/integrator/pkg/worker-framework/event_processor.go:95.2,101.12 5 1
github.com/kube-tarian/kad/integrator/pkg/worker-framework/event_processor.go:65.16,67.3 1 0
github.com/kube-tarian/kad/integrator/pkg/worker-framework/event_processor.go:74.16,76.3 1 0
github.com/kube-tarian/kad/integrator/pkg/worker-framework/event_processor.go:83.78,85.3 1 0
github.com/kube-tarian/kad/integrator/pkg/worker-framework/event_processor.go:87.25,89.17 2 1
github.com/kube-tarian/kad/integrator/pkg/worker-framework/event_processor.go:93.3,93.8 1 1
github.com/kube-tarian/kad/integrator/pkg/worker-framework/event_processor.go:89.17,91.12 2 0
github.com/kube-tarian/kad/integrator/pkg/worker-framework/event_processor.go:104.30,106.16 2 1
github.com/kube-tarian/kad/integrator/pkg/worker-framework/event_processor.go:109.2,109.12 1 0
github.com/kube-tarian/kad/integrator/pkg/worker-framework/event_processor.go:106.16,108.3 1 0
github.com/kube-tarian/kad/integrator/pkg/worker-framework/event_processor.go:112.26,115.2 2 0
github.com/kube-tarian/kad/integrator/pkg/worker-framework/event_processor.go:117.51,121.2 3 1
github.com/kube-tarian/kad/integrator/deployment-worker/pkg/plugins/plugins.go:13.86,14.33 1 1
github.com/kube-tarian/kad/integrator/deployment-worker/pkg/plugins/plugins.go:15.14,16.38 1 1
github.com/kube-tarian/kad/integrator/deployment-worker/pkg/plugins/plugins.go:17.16,18.34 1 0
github.com/kube-tarian/kad/integrator/deployment-worker/pkg/plugins/plugins.go:19.10,20.56 1 0
github.com/kube-tarian/kad/integrator/deployment-worker/pkg/application/application.go:35.46,37.51 2 1
github.com/kube-tarian/kad/integrator/deployment-worker/pkg/application/application.go:42.2,43.16 2 1
github.com/kube-tarian/kad/integrator/deployment-worker/pkg/application/application.go:47.2,48.16 2 1
github.com/kube-tarian/kad/integrator/deployment-worker/pkg/application/application.go:52.2,66.3 4 1
github.com/kube-tarian/kad/integrator/deployment-worker/pkg/application/application.go:37.51,39.3 1 0
github.com/kube-tarian/kad/integrator/deployment-worker/pkg/application/application.go:43.16,45.3 1 0
github.com/kube-tarian/kad/integrator/deployment-worker/pkg/application/application.go:48.16,50.3 1 0
github.com/kube-tarian/kad/integrator/deployment-worker/pkg/application/application.go:69.33,71.12 2 1
github.com/kube-tarian/kad/integrator/deployment-worker/pkg/application/application.go:79.2,81.95 3 1
github.com/kube-tarian/kad/integrator/deployment-worker/pkg/application/application.go:84.2,84.36 1 0
github.com/kube-tarian/kad/integrator/deployment-worker/pkg/application/application.go:71.12,73.17 2 1
github.com/kube-tarian/kad/integrator/deployment-worker/pkg/application/application.go:73.17,76.4 2 0
github.com/kube-tarian/kad/integrator/deployment-worker/pkg/application/application.go:81.95,83.3 1 0
github.com/kube-tarian/kad/integrator/deployment-worker/pkg/application/application.go:87.33,91.70 3 0
github.com/kube-tarian/kad/integrator/deployment-worker/pkg/application/application.go:91.70,93.3 1 0
github.com/kube-tarian/kad/integrator/deployment-worker/pkg/plugins/argocd/create_app.go:13.67,16.16 3 0
github.com/kube-tarian/kad/integrator/deployment-worker/pkg/plugins/argocd/create_app.go:21.2,22.16 2 0
github.com/kube-tarian/kad/integrator/deployment-worker/pkg/plugins/argocd/create_app.go:26.2,52.16 4 0
github.com/kube-tarian/kad/integrator/deployment-worker/pkg/plugins/argocd/create_app.go:56.2,57.16 2 0
github.com/kube-tarian/kad/integrator/deployment-worker/pkg/plugins/argocd/create_app.go:62.2,63.16 2 0
github.com/kube-tarian/kad/integrator/deployment-worker/pkg/plugins/argocd/create_app.go:66.2,69.16 3 0
github.com/kube-tarian/kad/integrator/deployment-worker/pkg/plugins/argocd/create_app.go:72.2,74.38 2 0
github.com/kube-tarian/kad/integrator/deployment-worker/pkg/plugins/argocd/create_app.go:77.2,77.12 1 0
github.com/kube-tarian/kad/integrator/deployment-worker/pkg/plugins/argocd/create_app.go:16.16,19.3 2 0
github.com/kube-tarian/kad/integrator/deployment-worker/pkg/plugins/argocd/create_app.go:22.16,24.3 1 0
github.com/kube-tarian/kad/integrator/deployment-worker/pkg/plugins/argocd/create_app.go:52.16,55.3 2 0
github.com/kube-tarian/kad/integrator/deployment-worker/pkg/plugins/argocd/create_app.go:57.16,60.3 2 0
github.com/kube-tarian/kad/integrator/deployment-worker/pkg/plugins/argocd/create_app.go:63.16,65.3 1 0
github.com/kube-tarian/kad/integrator/deployment-worker/pkg/plugins/argocd/create_app.go:69.16,71.3 1 0
github.com/kube-tarian/kad/integrator/deployment-worker/pkg/plugins/argocd/create_app.go:74.38,76.3 1 0
github.com/kube-tarian/kad/integrator/deployment-worker/pkg/model/payload.go:19.47,21.2 1 1
github.com/kube-tarian/kad/integrator/pkg/logging/logging.go:30.61,37.2 2 1
github.com/kube-tarian/kad/integrator/pkg/logging/logging.go:39.62,46.2 2 1
github.com/kube-tarian/kad/integrator/pkg/logging/logging.go:48.62,55.2 2 0
github.com/kube-tarian/kad/integrator/pkg/logging/logging.go:57.62,64.2 2 0
github.com/kube-tarian/kad/integrator/pkg/logging/logging.go:66.60,73.2 2 1
github.com/kube-tarian/kad/integrator/pkg/logging/logging.go:75.60,82.2 2 0
github.com/kube-tarian/kad/integrator/pkg/logging/logging.go:84.61,91.2 2 1
github.com/kube-tarian/kad/integrator/pkg/logging/logging.go:93.61,100.2 2 0
github.com/kube-tarian/kad/integrator/pkg/logging/logging.go:102.61,109.2 2 0
github.com/kube-tarian/kad/integrator/pkg/logging/logging.go:111.97,122.2 2 0
github.com/kube-tarian/kad/integrator/pkg/logging/logging.go:124.41,127.2 2 1
github.com/kube-tarian/kad/integrator/pkg/logging/logging.go:129.25,136.2 3 1
github.com/kube-tarian/kad/integrator/deployment-worker/pkg/plugins/argocd/token.go:18.51,22.16 4 0
github.com/kube-tarian/kad/integrator/deployment-worker/pkg/plugins/argocd/token.go:26.2,27.16 2 0
github.com/kube-tarian/kad/integrator/deployment-worker/pkg/plugins/argocd/token.go:32.2,33.16 2 0
github.com/kube-tarian/kad/integrator/deployment-worker/pkg/plugins/argocd/token.go:37.2,38.16 2 0
github.com/kube-tarian/kad/integrator/deployment-worker/pkg/plugins/argocd/token.go:41.2,43.38 2 0
github.com/kube-tarian/kad/integrator/deployment-worker/pkg/plugins/argocd/token.go:46.2,47.16 2 0
github.com/kube-tarian/kad/integrator/deployment-worker/pkg/plugins/argocd/token.go:51.2,53.16 3 0
github.com/kube-tarian/kad/integrator/deployment-worker/pkg/plugins/argocd/token.go:57.2,57.25 1 0
github.com/kube-tarian/kad/integrator/deployment-worker/pkg/plugins/argocd/token.go:22.16,25.3 2 0
github.com/kube-tarian/kad/integrator/deployment-worker/pkg/plugins/argocd/token.go:27.16,30.3 2 0
github.com/kube-tarian/kad/integrator/deployment-worker/pkg/plugins/argocd/token.go:33.16,35.3 1 0
github.com/kube-tarian/kad/integrator/deployment-worker/pkg/plugins/argocd/token.go:38.16,40.3 1 0
github.com/kube-tarian/kad/integrator/deployment-worker/pkg/plugins/argocd/token.go:43.38,45.3 1 0
github.com/kube-tarian/kad/integrator/deployment-worker/pkg/plugins/argocd/token.go:47.16,49.3 1 0
github.com/kube-tarian/kad/integrator/deployment-worker/pkg/plugins/argocd/token.go:53.16,55.3 1 0
github.com/kube-tarian/kad/integrator/deployment-worker/pkg/plugins/helmplugin/client.go:15.60,17.2 1 1
github.com/kube-tarian/kad/integrator/deployment-worker/pkg/plugins/helmplugin/client.go:19.82,22.24 2 1
github.com/kube-tarian/kad/integrator/deployment-worker/pkg/plugins/helmplugin/client.go:32.2,32.16 1 1
github.com/kube-tarian/kad/integrator/deployment-worker/pkg/plugins/helmplugin/client.go:37.2,37.17 1 1
github.com/kube-tarian/kad/integrator/deployment-worker/pkg/plugins/helmplugin/client.go:23.17,24.27 1 0
github.com/kube-tarian/kad/integrator/deployment-worker/pkg/plugins/helmplugin/client.go:25.16,26.26 1 1
github.com/kube-tarian/kad/integrator/deployment-worker/pkg/plugins/helmplugin/client.go:27.14,28.17 1 0
github.com/kube-tarian/kad/integrator/deployment-worker/pkg/plugins/helmplugin/client.go:29.10,30.77 1 0
github.com/kube-tarian/kad/integrator/deployment-worker/pkg/plugins/helmplugin/client.go:32.16,35.3 2 0
github.com/kube-tarian/kad/integrator/deployment-worker/pkg/activities/activity.go:16.119,23.16 4 1
github.com/kube-tarian/kad/integrator/deployment-worker/pkg/activities/activity.go:29.2,30.16 2 1
github.com/kube-tarian/kad/integrator/deployment-worker/pkg/activities/activity.go:37.2,40.8 1 1
github.com/kube-tarian/kad/integrator/deployment-worker/pkg/activities/activity.go:23.16,28.3 1 0
github.com/kube-tarian/kad/integrator/deployment-worker/pkg/activities/activity.go:30.16,35.3 1 0
github.com/kube-tarian/kad/integrator/deployment-worker/api/deployment_worker.gen.go:40.87,43.91 2 0
github.com/kube-tarian/kad/integrator/deployment-worker/api/deployment_worker.gen.go:47.2,47.52 1 0
github.com/kube-tarian/kad/integrator/deployment-worker/api/deployment_worker.gen.go:51.2,51.42 1 0
github.com/kube-tarian/kad/integrator/deployment-worker/api/deployment_worker.gen.go:43.91,45.3 1 0
github.com/kube-tarian/kad/integrator/deployment-worker/api/deployment_worker.gen.go:47.52,49.3 1 0
github.com/kube-tarian/kad/integrator/deployment-worker/api/deployment_worker.gen.go:55.86,58.91 2 1
github.com/kube-tarian/kad/integrator/deployment-worker/api/deployment_worker.gen.go:62.2,62.52 1 1
github.com/kube-tarian/kad/integrator/deployment-worker/api/deployment_worker.gen.go:66.2,66.42 1 1
github.com/kube-tarian/kad/integrator/deployment-worker/api/deployment_worker.gen.go:58.91,60.3 1 1
github.com/kube-tarian/kad/integrator/deployment-worker/api/deployment_worker.gen.go:62.52,64.3 1 0
github.com/kube-tarian/kad/integrator/deployment-worker/api/deployment_worker.gen.go:74.52,76.2 1 0
github.com/kube-tarian/kad/integrator/deployment-worker/api/deployment_worker.gen.go:78.52,80.2 1 0
github.com/kube-tarian/kad/integrator/deployment-worker/api/deployment_worker.gen.go:87.50,89.2 1 0
github.com/kube-tarian/kad/integrator/deployment-worker/api/deployment_worker.gen.go:91.50,93.2 1 0
github.com/kube-tarian/kad/integrator/deployment-worker/api/deployment_worker.gen.go:99.45,101.2 1 0
github.com/kube-tarian/kad/integrator/deployment-worker/api/deployment_worker.gen.go:108.46,110.2 1 0
github.com/kube-tarian/kad/integrator/deployment-worker/api/deployment_worker.gen.go:112.46,114.2 1 0
github.com/kube-tarian/kad/integrator/deployment-worker/api/deployment_worker.gen.go:121.50,123.2 1 0
github.com/kube-tarian/kad/integrator/deployment-worker/api/deployment_worker.gen.go:125.50,127.2 1 0
github.com/kube-tarian/kad/integrator/deployment-worker/api/deployment_worker.gen.go:134.53,136.2 1 0
github.com/kube-tarian/kad/integrator/deployment-worker/api/deployment_worker.gen.go:139.47,141.2 1 0
github.com/kube-tarian/kad/integrator/deployment-worker/api/deployment_worker.gen.go:151.68,155.2 1 1
github.com/kube-tarian/kad/integrator/deployment-worker/api/deployment_worker.gen.go:157.95,162.2 1 0
github.com/kube-tarian/kad/integrator/deployment-worker/api/deployment_worker.gen.go:165.84,168.14 2 1
github.com/kube-tarian/kad/integrator/deployment-worker/api/deployment_worker.gen.go:171.2,171.37 1 1
github.com/kube-tarian/kad/integrator/deployment-worker/api/deployment_worker.gen.go:176.2,182.29 2 1
github.com/kube-tarian/kad/integrator/deployment-worker/api/deployment_worker.gen.go:185.2,185.29 1 1
github.com/kube-tarian/kad/integrator/deployment-worker/api/deployment_worker.gen.go:189.2,189.10 1 1
github.com/kube-tarian/kad/integrator/deployment-worker/api/deployment_worker.gen.go:168.14,170.3 1 0
github.com/kube-tarian/kad/integrator/deployment-worker/api/deployment_worker.gen.go:171.37,172.86 1 1
github.com/kube-tarian/kad/integrator/deployment-worker/api/deployment_worker.gen.go:172.86,174.4 1 0
github.com/kube-tarian/kad/integrator/deployment-worker/api/deployment_worker.gen.go:182.29,184.3 1 1
github.com/kube-tarian/kad/integrator/deployment-worker/api/deployment_worker.gen.go:185.29,187.3 1 1
github.com/kube-tarian/kad/integrator/deployment-worker/api/deployment_worker.gen.go:205.35,207.16 2 1
github.com/kube-tarian/kad/integrator/deployment-worker/api/deployment_worker.gen.go:210.2,211.16 2 1
github.com/kube-tarian/kad/integrator/deployment-worker/api/deployment_worker.gen.go:214.2,216.16 3 1
github.com/kube-tarian/kad/integrator/deployment-worker/api/deployment_worker.gen.go:220.2,220.25 1 1
github.com/kube-tarian/kad/integrator/deployment-worker/api/deployment_worker.gen.go:207.16,209.3 1 0
github.com/kube-tarian/kad/integrator/deployment-worker/api/deployment_worker.gen.go:211.16,213.3 1 0
github.com/kube-tarian/kad/integrator/deployment-worker/api/deployment_worker.gen.go:216.16,218.3 1 0
github.com/kube-tarian/kad/integrator/deployment-worker/api/deployment_worker.gen.go:226.48,228.32 2 1
github.com/kube-tarian/kad/integrator/deployment-worker/api/deployment_worker.gen.go:228.32,230.3 1 0
github.com/kube-tarian/kad/integrator/deployment-worker/api/deployment_worker.gen.go:234.73,236.25 2 0
github.com/kube-tarian/kad/integrator/deployment-worker/api/deployment_worker.gen.go:240.2,240.12 1 0
github.com/kube-tarian/kad/integrator/deployment-worker/api/deployment_worker.gen.go:236.25,238.3 1 0
github.com/kube-tarian/kad/integrator/deployment-worker/api/deployment_worker.gen.go:248.52,253.87 4 0
github.com/kube-tarian/kad/integrator/deployment-worker/api/deployment_worker.gen.go:263.2,265.16 3 0
github.com/kube-tarian/kad/integrator/deployment-worker/api/deployment_worker.gen.go:268.2,269.16 2 0
github.com/kube-tarian/kad/integrator/deployment-worker/api/deployment_worker.gen.go:272.2,272.8 1 0
github.com/kube-tarian/kad/integrator/deployment-worker/api/deployment_worker.gen.go:253.87,257.10 4 0
github.com/kube-tarian/kad/integrator/deployment-worker/api/deployment_worker.gen.go:261.3,261.19 1 0
github.com/kube-tarian/kad/integrator/deployment-worker/api/deployment_worker.gen.go:257.10,260.4 2 0
github.com/kube-tarian/kad/integrator/deployment-worker/api/deployment_worker.gen.go:265.16,267.3 1 0
github.com/kube-tarian/kad/integrator/deployment-worker/api/deployment_worker.gen.go:269.16,271.3 1 0
github.com/kube-tarian/kad/integrator/deployment-worker/pkg/plugins/argocd/client.go:20.62,22.16 2 0
github.com/kube-tarian/kad/integrator/deployment-worker/pkg/plugins/argocd/client.go:26.2,29.22 2 0
github.com/kube-tarian/kad/integrator/deployment-worker/pkg/plugins/argocd/client.go:33.2,37.8 1 0
github.com/kube-tarian/kad/integrator/deployment-worker/pkg/plugins/argocd/client.go:22.16,24.3 1 0
github.com/kube-tarian/kad/integrator/deployment-worker/pkg/plugins/argocd/client.go:29.22,32.3 1 0
github.com/kube-tarian/kad/integrator/deployment-worker/pkg/plugins/argocd/client.go:40.84,43.24 2 0
github.com/kube-tarian/kad/integrator/deployment-worker/pkg/plugins/argocd/client.go:51.2,51.16 1 0
github.com/kube-tarian/kad/integrator/deployment-worker/pkg/plugins/argocd/client.go:56.2,56.17 1 0
github.com/kube-tarian/kad/integrator/deployment-worker/pkg/plugins/argocd/client.go:44.17,45.26 1 0
github.com/kube-tarian/kad/integrator/deployment-worker/pkg/plugins/argocd/client.go:46.16,47.26 1 0
github.com/kube-tarian/kad/integrator/deployment-worker/pkg/plugins/argocd/client.go:48.10,49.79 1 0
github.com/kube-tarian/kad/integrator/deployment-worker/pkg/plugins/argocd/client.go:51.16,54.3 2 0
github.com/kube-tarian/kad/integrator/deployment-worker/pkg/plugins/argocd/client.go:59.51,63.2 3 0
github.com/kube-tarian/kad/integrator/deployment-worker/pkg/plugins/argocd/delete_app.go:11.67,14.16 3 0
github.com/kube-tarian/kad/integrator/deployment-worker/pkg/plugins/argocd/delete_app.go:19.2,20.16 2 0
github.com/kube-tarian/kad/integrator/deployment-worker/pkg/plugins/argocd/delete_app.go:24.2,25.16 2 0
github.com/kube-tarian/kad/integrator/deployment-worker/pkg/plugins/argocd/delete_app.go:28.2,31.16 3 0
github.com/kube-tarian/kad/integrator/deployment-worker/pkg/plugins/argocd/delete_app.go:34.2,36.38 2 0
github.com/kube-tarian/kad/integrator/deployment-worker/pkg/plugins/argocd/delete_app.go:39.2,39.12 1 0
github.com/kube-tarian/kad/integrator/deployment-worker/pkg/plugins/argocd/delete_app.go:14.16,17.3 2 0
github.com/kube-tarian/kad/integrator/deployment-worker/pkg/plugins/argocd/delete_app.go:20.16,22.3 1 0
github.com/kube-tarian/kad/integrator/deployment-worker/pkg/plugins/argocd/delete_app.go:25.16,27.3 1 0
github.com/kube-tarian/kad/integrator/deployment-worker/pkg/plugins/argocd/delete_app.go:31.16,33.3 1 0
github.com/kube-tarian/kad/integrator/deployment-worker/pkg/plugins/argocd/delete_app.go:36.38,38.3 1 0
github.com/kube-tarian/kad/integrator/deployment-worker/pkg/plugins/helmplugin/delete.go:11.65,16.16 4 1
github.com/kube-tarian/kad/integrator/deployment-worker/pkg/plugins/helmplugin/delete.go:21.2,31.16 3 1
github.com/kube-tarian/kad/integrator/deployment-worker/pkg/plugins/helmplugin/delete.go:36.2,37.16 2 1
github.com/kube-tarian/kad/integrator/deployment-worker/pkg/plugins/helmplugin/delete.go:43.2,53.16 3 1
github.com/kube-tarian/kad/integrator/deployment-worker/pkg/plugins/helmplugin/delete.go:58.2,60.12 3 1
github.com/kube-tarian/kad/integrator/deployment-worker/pkg/plugins/helmplugin/delete.go:16.16,19.3 2 0
github.com/kube-tarian/kad/integrator/deployment-worker/pkg/plugins/helmplugin/delete.go:31.16,34.3 2 0
github.com/kube-tarian/kad/integrator/deployment-worker/pkg/plugins/helmplugin/delete.go:37.16,40.3 2 0
github.com/kube-tarian/kad/integrator/deployment-worker/pkg/plugins/helmplugin/delete.go:53.16,56.3 2 0
github.com/kube-tarian/kad/integrator/deployment-worker/pkg/plugins/helmplugin/install.go:14.66,19.16 4 0
github.com/kube-tarian/kad/integrator/deployment-worker/pkg/plugins/helmplugin/install.go:24.2,34.16 3 0
github.com/kube-tarian/kad/integrator/deployment-worker/pkg/plugins/helmplugin/install.go:39.2,40.16 2 0
github.com/kube-tarian/kad/integrator/deployment-worker/pkg/plugins/helmplugin/install.go:46.2,61.16 3 0
github.com/kube-tarian/kad/integrator/deployment-worker/pkg/plugins/helmplugin/install.go:66.2,68.12 3 0
github.com/kube-tarian/kad/integrator/deployment-worker/pkg/plugins/helmplugin/install.go:19.16,22.3 2 0
github.com/kube-tarian/kad/integrator/deployment-worker/pkg/plugins/helmplugin/install.go:34.16,37.3 2 0
github.com/kube-tarian/kad/integrator/deployment-worker/pkg/plugins/helmplugin/install.go:40.16,43.3 2 0
github.com/kube-tarian/kad/integrator/deployment-worker/pkg/plugins/helmplugin/install.go:61.16,64.3 2 0
github.com/kube-tarian/kad/integrator/deployment-worker/pkg/plugins/helmplugin/install.go:71.86,79.63 2 1
github.com/kube-tarian/kad/integrator/deployment-worker/pkg/plugins/helmplugin/install.go:83.2,83.12 1 1
github.com/kube-tarian/kad/integrator/deployment-worker/pkg/plugins/helmplugin/install.go:79.63,82.3 2 0
github.com/kube-tarian/kad/integrator/deployment-worker/pkg/handler/api_handler.go:21.73,25.2 1 1
github.com/kube-tarian/kad/integrator/deployment-worker/pkg/handler/api_handler.go:27.49,28.36 1 1
github.com/kube-tarian/kad/integrator/deployment-worker/pkg/handler/api_handler.go:28.36,30.3 1 1
github.com/kube-tarian/kad/integrator/deployment-worker/pkg/handler/api_handler.go:33.74,35.16 2 0
github.com/kube-tarian/kad/integrator/deployment-worker/pkg/handler/api_handler.go:38.2,39.40 2 0
github.com/kube-tarian/kad/integrator/deployment-worker/pkg/handler/api_handler.go:35.16,37.3 1 0
github.com/kube-tarian/kad/integrator/deployment-worker/pkg/handler/api_handler.go:42.73,45.2 2 1
github.com/kube-tarian/kad/integrator/deployment-worker/pkg/workflows/workflow.go:14.93,21.16 6 1
github.com/kube-tarian/kad/integrator/deployment-worker/pkg/workflows/workflow.go:26.2,36.16 7 1
github.com/kube-tarian/kad/integrator/deployment-worker/pkg/workflows/workflow.go:41.2,43.20 2 1
github.com/kube-tarian/kad/integrator/deployment-worker/pkg/workflows/workflow.go:21.16,24.3 2 0
github.com/kube-tarian/kad/integrator/deployment-worker/pkg/workflows/workflow.go:36.16,39.3 2 0
